<html>
<head>
<title>TestNG:  TestGmail</title>
<link href="../testng.css" rel="stylesheet" type="text/css" />
<link href="../my-testng.css" rel="stylesheet" type="text/css" />

<style type="text/css">
.log { display: none;} 
.stack-trace { display: none;} 
</style>
<script type="text/javascript">
<!--
function flip(e) {
  current = e.style.display;
  if (current == 'block') {
    e.style.display = 'none';
    return 0;
  }
  else {
    e.style.display = 'block';
    return 1;
  }
}

function toggleBox(szDivId, elem, msg1, msg2)
{
  var res = -1;  if (document.getElementById) {
    res = flip(document.getElementById(szDivId));
  }
  else if (document.all) {
    // this is the way old msie versions work
    res = flip(document.all[szDivId]);
  }
  if(elem) {
    if(res == 0) elem.innerHTML = msg1; else elem.innerHTML = msg2;
  }

}

function toggleAllBoxes() {
  if (document.getElementsByTagName) {
    d = document.getElementsByTagName('div');
    for (i = 0; i < d.length; i++) {
      if (d[i].className == 'log') {
        flip(d[i]);
      }
    }
  }
}

// -->
</script>

</head>
<body>
<h2 align='center'>TestGmail</h2><table border='1' align="center">
<tr>
<td>Tests passed/Failed/Skipped:</td><td>0/4/0</td>
</tr><tr>
<td>Started on:</td><td>Fri Oct 14 12:02:54 IST 2016</td>
</tr>
<tr><td>Total time:</td><td>206 seconds (206275 ms)</td>
</tr><tr>
<td>Included groups:</td><td></td>
</tr><tr>
<td>Excluded groups:</td><td></td>
</tr>
</table><p/>
<small><i>(Hover the method name to see the test class name)</i></small><p/>
<table width='100%' border='1' class='invocation-failed'>
<tr><td colspan='4' align='center'><b>FAILED TESTS</b></td></tr>
<tr><td><b>Test method</b></td>
<td width="30%"><b>Exception</b></td>
<td width="10%"><b>Time (seconds)</b></td>
<td><b>Instance</b></td>
</tr>
<tr>
<td title='com.mobiliya.edvelop.test.TestDisplayDashboard.testClassName()'><b>testClassName</b><br>Test class: com.mobiliya.edvelop.test.TestDisplayDashboard<br/>
<a href="#Output-260084831" onClick='toggleBox("Output-260084831", this, "Show output", "Hide output");'>Show output</a>

<a href="#Output-260084831" onClick="toggleAllBoxes();">Show all outputs</a>
<div class='log' id="Output-260084831">
Test case failed : testClassName<br/>
<a href="http://10.9.43.129/Screenshot_testClassName_2016-10-14 12:05:57.047.jpg">Screenshot</a><br/>
</div>
</td>
<td><div><pre>java.lang.AssertionError: Lists differ at element [0]: Class 8 != Class 9 expected [Class 8] but found [Class 9]
	at com.mobiliya.edvelop.test.TestDisplayDashboard.testClassName(TestDisplayDashboard.java:36)
... Removed 30 stack frames</pre></div><a href='#' onClick='toggleBox("stack-trace260084831", this, "Click to show all stack frames", "Click to hide stack frames")'>Click to show all stack frames</a>
<div class='stack-trace' id='stack-trace260084831'><pre>java.lang.AssertionError: Lists differ at element [0]: Class 8 != Class 9 expected [Class 8] but found [Class 9]
	at org.testng.Assert.fail(Assert.java:94)
	at org.testng.Assert.failNotEquals(Assert.java:496)
	at org.testng.Assert.assertEquals(Assert.java:125)
	at org.testng.Assert.assertEquals(Assert.java:551)
	at org.testng.Assert.assertEquals(Assert.java:670)
	at org.testng.Assert.assertEquals(Assert.java:727)
	at com.mobiliya.edvelop.test.TestDisplayDashboard.testClassName(TestDisplayDashboard.java:36)
	at sun.reflect.NativeMethodAccessorImpl.invoke0(Native Method)
	at sun.reflect.NativeMethodAccessorImpl.invoke(NativeMethodAccessorImpl.java:62)
	at sun.reflect.DelegatingMethodAccessorImpl.invoke(DelegatingMethodAccessorImpl.java:43)
	at java.lang.reflect.Method.invoke(Method.java:498)
	at org.testng.internal.MethodInvocationHelper.invokeMethod(MethodInvocationHelper.java:85)
	at org.testng.internal.Invoker.invokeMethod(Invoker.java:639)
	at org.testng.internal.Invoker.invokeTestMethod(Invoker.java:816)
	at org.testng.internal.Invoker.invokeTestMethods(Invoker.java:1124)
	at org.testng.internal.TestMethodWorker.invokeTestMethods(TestMethodWorker.java:125)
	at org.testng.internal.TestMethodWorker.run(TestMethodWorker.java:108)
	at org.testng.TestRunner.privateRun(TestRunner.java:774)
	at org.testng.TestRunner.run(TestRunner.java:624)
	at org.testng.SuiteRunner.runTest(SuiteRunner.java:359)
	at org.testng.SuiteRunner.runSequentially(SuiteRunner.java:354)
	at org.testng.SuiteRunner.privateRun(SuiteRunner.java:312)
	at org.testng.SuiteRunner.run(SuiteRunner.java:261)
	at org.testng.SuiteRunnerWorker.runSuite(SuiteRunnerWorker.java:52)
	at org.testng.SuiteRunnerWorker.run(SuiteRunnerWorker.java:86)
	at org.testng.TestNG.runSuitesSequentially(TestNG.java:1215)
	at org.testng.TestNG.runSuitesLocally(TestNG.java:1140)
	at org.testng.TestNG.run(TestNG.java:1048)
	at org.testng.remote.AbstractRemoteTestNG.run(AbstractRemoteTestNG.java:126)
	at org.testng.remote.RemoteTestNG.initAndRun(RemoteTestNG.java:152)
	at org.testng.remote.RemoteTestNG.main(RemoteTestNG.java:57)
</pre></div></td>
<td>44</td>
<td>com.mobiliya.edvelop.test.TestDisplayDashboard@31dc339b</td></tr>
<tr>
<td title='com.mobiliya.edvelop.test.TestDisplayIntroScreens.testDisplayIntroScreensOnFirstLaunch()'><b>testDisplayIntroScreensOnFirstLaunch</b><br>Test class: com.mobiliya.edvelop.test.TestDisplayIntroScreens<br/>
<a href="#Output-1305486145" onClick='toggleBox("Output-1305486145", this, "Show output", "Hide output");'>Show output</a>

<a href="#Output-1305486145" onClick="toggleAllBoxes();">Show all outputs</a>
<div class='log' id="Output-1305486145">
Test case failed : testDisplayIntroScreensOnFirstLaunch<br/>
<a href="http://10.9.43.129/Screenshot_testDisplayIntroScreensOnFirstLaunch_2016-10-14 12:03:17.418.jpg">Screenshot</a><br/>
</div>
</td>
<td><div><pre>java.lang.AssertionError: expected [GET STARTEDhi] but found [GET STARTED]
	at com.mobiliya.edvelop.test.TestDisplayIntroScreens.testDisplayIntroScreensOnFirstLaunch(TestDisplayIntroScreens.java:18)
... Removed 29 stack frames</pre></div><a href='#' onClick='toggleBox("stack-trace1305486145", this, "Click to show all stack frames", "Click to hide stack frames")'>Click to show all stack frames</a>
<div class='stack-trace' id='stack-trace1305486145'><pre>java.lang.AssertionError: expected [GET STARTEDhi] but found [GET STARTED]
	at org.testng.Assert.fail(Assert.java:94)
	at org.testng.Assert.failNotEquals(Assert.java:496)
	at org.testng.Assert.assertEquals(Assert.java:125)
	at org.testng.Assert.assertEquals(Assert.java:178)
	at org.testng.Assert.assertEquals(Assert.java:188)
	at com.mobiliya.edvelop.test.TestDisplayIntroScreens.testDisplayIntroScreensOnFirstLaunch(TestDisplayIntroScreens.java:18)
	at sun.reflect.NativeMethodAccessorImpl.invoke0(Native Method)
	at sun.reflect.NativeMethodAccessorImpl.invoke(NativeMethodAccessorImpl.java:62)
	at sun.reflect.DelegatingMethodAccessorImpl.invoke(DelegatingMethodAccessorImpl.java:43)
	at java.lang.reflect.Method.invoke(Method.java:498)
	at org.testng.internal.MethodInvocationHelper.invokeMethod(MethodInvocationHelper.java:85)
	at org.testng.internal.Invoker.invokeMethod(Invoker.java:639)
	at org.testng.internal.Invoker.invokeTestMethod(Invoker.java:816)
	at org.testng.internal.Invoker.invokeTestMethods(Invoker.java:1124)
	at org.testng.internal.TestMethodWorker.invokeTestMethods(TestMethodWorker.java:125)
	at org.testng.internal.TestMethodWorker.run(TestMethodWorker.java:108)
	at org.testng.TestRunner.privateRun(TestRunner.java:774)
	at org.testng.TestRunner.run(TestRunner.java:624)
	at org.testng.SuiteRunner.runTest(SuiteRunner.java:359)
	at org.testng.SuiteRunner.runSequentially(SuiteRunner.java:354)
	at org.testng.SuiteRunner.privateRun(SuiteRunner.java:312)
	at org.testng.SuiteRunner.run(SuiteRunner.java:261)
	at org.testng.SuiteRunnerWorker.runSuite(SuiteRunnerWorker.java:52)
	at org.testng.SuiteRunnerWorker.run(SuiteRunnerWorker.java:86)
	at org.testng.TestNG.runSuitesSequentially(TestNG.java:1215)
	at org.testng.TestNG.runSuitesLocally(TestNG.java:1140)
	at org.testng.TestNG.run(TestNG.java:1048)
	at org.testng.remote.AbstractRemoteTestNG.run(AbstractRemoteTestNG.java:126)
	at org.testng.remote.RemoteTestNG.initAndRun(RemoteTestNG.java:152)
	at org.testng.remote.RemoteTestNG.main(RemoteTestNG.java:57)
</pre></div></td>
<td>22</td>
<td>com.mobiliya.edvelop.test.TestDisplayIntroScreens@2038ae61</td></tr>
<tr>
<td title='com.mobiliya.edvelop.test.TestLogOut.testLogOut()'><b>testLogOut</b><br>Test class: com.mobiliya.edvelop.test.TestLogOut<br/>
<a href="#Output-1593224710" onClick='toggleBox("Output-1593224710", this, "Show output", "Hide output");'>Show output</a>

<a href="#Output-1593224710" onClick="toggleAllBoxes();">Show all outputs</a>
<div class='log' id="Output-1593224710">
Test case failed : testLogOut<br/>
<a href="http://10.9.43.129/Screenshot_testLogOut_2016-10-14 12:06:18.6.jpg">Screenshot</a><br/>
</div>
</td>
<td><div><pre>java.lang.AssertionError: expected [Please sign in using email id as provided to the schoolhi] but found [Please sign in using email id as provided to the school]
	at com.mobiliya.edvelop.test.TestLogOut.testLogOut(TestLogOut.java:39)
... Removed 29 stack frames</pre></div><a href='#' onClick='toggleBox("stack-trace1593224710", this, "Click to show all stack frames", "Click to hide stack frames")'>Click to show all stack frames</a>
<div class='stack-trace' id='stack-trace1593224710'><pre>java.lang.AssertionError: expected [Please sign in using email id as provided to the schoolhi] but found [Please sign in using email id as provided to the school]
	at org.testng.Assert.fail(Assert.java:94)
	at org.testng.Assert.failNotEquals(Assert.java:496)
	at org.testng.Assert.assertEquals(Assert.java:125)
	at org.testng.Assert.assertEquals(Assert.java:178)
	at org.testng.Assert.assertEquals(Assert.java:188)
	at com.mobiliya.edvelop.test.TestLogOut.testLogOut(TestLogOut.java:39)
	at sun.reflect.NativeMethodAccessorImpl.invoke0(Native Method)
	at sun.reflect.NativeMethodAccessorImpl.invoke(NativeMethodAccessorImpl.java:62)
	at sun.reflect.DelegatingMethodAccessorImpl.invoke(DelegatingMethodAccessorImpl.java:43)
	at java.lang.reflect.Method.invoke(Method.java:498)
	at org.testng.internal.MethodInvocationHelper.invokeMethod(MethodInvocationHelper.java:85)
	at org.testng.internal.Invoker.invokeMethod(Invoker.java:639)
	at org.testng.internal.Invoker.invokeTestMethod(Invoker.java:816)
	at org.testng.internal.Invoker.invokeTestMethods(Invoker.java:1124)
	at org.testng.internal.TestMethodWorker.invokeTestMethods(TestMethodWorker.java:125)
	at org.testng.internal.TestMethodWorker.run(TestMethodWorker.java:108)
	at org.testng.TestRunner.privateRun(TestRunner.java:774)
	at org.testng.TestRunner.run(TestRunner.java:624)
	at org.testng.SuiteRunner.runTest(SuiteRunner.java:359)
	at org.testng.SuiteRunner.runSequentially(SuiteRunner.java:354)
	at org.testng.SuiteRunner.privateRun(SuiteRunner.java:312)
	at org.testng.SuiteRunner.run(SuiteRunner.java:261)
	at org.testng.SuiteRunnerWorker.runSuite(SuiteRunnerWorker.java:52)
	at org.testng.SuiteRunnerWorker.run(SuiteRunnerWorker.java:86)
	at org.testng.TestNG.runSuitesSequentially(TestNG.java:1215)
	at org.testng.TestNG.runSuitesLocally(TestNG.java:1140)
	at org.testng.TestNG.run(TestNG.java:1048)
	at org.testng.remote.AbstractRemoteTestNG.run(AbstractRemoteTestNG.java:126)
	at org.testng.remote.RemoteTestNG.initAndRun(RemoteTestNG.java:152)
	at org.testng.remote.RemoteTestNG.main(RemoteTestNG.java:57)
</pre></div></td>
<td>19</td>
<td>com.mobiliya.edvelop.test.TestLogOut@544fe44c</td></tr>
<tr>
<td title='com.mobiliya.edvelop.test.TestValidLoginWithGoogle.testValidLoginWithGoogle()'><b>testValidLoginWithGoogle</b><br>Test class: com.mobiliya.edvelop.test.TestValidLoginWithGoogle<br/>
<a href="#Output-107994825" onClick='toggleBox("Output-107994825", this, "Show output", "Hide output");'>Show output</a>

<a href="#Output-107994825" onClick="toggleAllBoxes();">Show all outputs</a>
<div class='log' id="Output-107994825">
Test case failed : testValidLoginWithGoogle<br/>
<a href="http://10.9.43.129/Screenshot_testValidLoginWithGoogle_2016-10-14 12:04:43.666.jpg">Screenshot</a><br/>
</div>
</td>
<td><div><pre>java.lang.AssertionError: expected [Please contact school admin in case of incorrect informationhi] but found [Please contact school admin in case of incorrect information]
	at com.mobiliya.edvelop.test.TestValidLoginWithGoogle.testValidLoginWithGoogle(TestValidLoginWithGoogle.java:43)
... Removed 29 stack frames</pre></div><a href='#' onClick='toggleBox("stack-trace107994825", this, "Click to show all stack frames", "Click to hide stack frames")'>Click to show all stack frames</a>
<div class='stack-trace' id='stack-trace107994825'><pre>java.lang.AssertionError: expected [Please contact school admin in case of incorrect informationhi] but found [Please contact school admin in case of incorrect information]
	at org.testng.Assert.fail(Assert.java:94)
	at org.testng.Assert.failNotEquals(Assert.java:496)
	at org.testng.Assert.assertEquals(Assert.java:125)
	at org.testng.Assert.assertEquals(Assert.java:178)
	at org.testng.Assert.assertEquals(Assert.java:188)
	at com.mobiliya.edvelop.test.TestValidLoginWithGoogle.testValidLoginWithGoogle(TestValidLoginWithGoogle.java:43)
	at sun.reflect.NativeMethodAccessorImpl.invoke0(Native Method)
	at sun.reflect.NativeMethodAccessorImpl.invoke(NativeMethodAccessorImpl.java:62)
	at sun.reflect.DelegatingMethodAccessorImpl.invoke(DelegatingMethodAccessorImpl.java:43)
	at java.lang.reflect.Method.invoke(Method.java:498)
	at org.testng.internal.MethodInvocationHelper.invokeMethod(MethodInvocationHelper.java:85)
	at org.testng.internal.Invoker.invokeMethod(Invoker.java:639)
	at org.testng.internal.Invoker.invokeTestMethod(Invoker.java:816)
	at org.testng.internal.Invoker.invokeTestMethods(Invoker.java:1124)
	at org.testng.internal.TestMethodWorker.invokeTestMethods(TestMethodWorker.java:125)
	at org.testng.internal.TestMethodWorker.run(TestMethodWorker.java:108)
	at org.testng.TestRunner.privateRun(TestRunner.java:774)
	at org.testng.TestRunner.run(TestRunner.java:624)
	at org.testng.SuiteRunner.runTest(SuiteRunner.java:359)
	at org.testng.SuiteRunner.runSequentially(SuiteRunner.java:354)
	at org.testng.SuiteRunner.privateRun(SuiteRunner.java:312)
	at org.testng.SuiteRunner.run(SuiteRunner.java:261)
	at org.testng.SuiteRunnerWorker.runSuite(SuiteRunnerWorker.java:52)
	at org.testng.SuiteRunnerWorker.run(SuiteRunnerWorker.java:86)
	at org.testng.TestNG.runSuitesSequentially(TestNG.java:1215)
	at org.testng.TestNG.runSuitesLocally(TestNG.java:1140)
	at org.testng.TestNG.run(TestNG.java:1048)
	at org.testng.remote.AbstractRemoteTestNG.run(AbstractRemoteTestNG.java:126)
	at org.testng.remote.RemoteTestNG.initAndRun(RemoteTestNG.java:152)
	at org.testng.remote.RemoteTestNG.main(RemoteTestNG.java:57)
</pre></div></td>
<td>72</td>
<td>com.mobiliya.edvelop.test.TestValidLoginWithGoogle@3c0f93f1</td></tr>
</table><p>
</body>
</html>