<?xml version="1.0" encoding="UTF-8"?>
<!-- Generated by org.testng.reporters.JUnitXMLReporter -->
<testsuite hostname="Chetans-Mac.local" name="Test" tests="6" failures="2" timestamp="23 Sep 2016 06:06:46 GMT" time="320.306" errors="0">
  <testcase name="testValidLoginWithGoogleAfterLoginFail" time="0.008" classname="com.mobiliya.edvelop.test.EdvelopTests"/>
  <testcase name="testDisplayIntroScreensOnFirstLaunch" time="20.036" classname="com.mobiliya.edvelop.test.EdvelopTests"/>
  <testcase name="testInvalidLoginWithGoogle" time="146.02" classname="com.mobiliya.edvelop.test.EdvelopTests">
    <failure type="org.openqa.selenium.NoSuchElementException" message="Can&amp;apos;t locate an element by this strategy: Locator map: 
- native content: &amp;quot;By.xpath: //UIAApplication[1]/UIAWindow[1]/UIAStaticText[1]&amp;quot; 
- html content: &amp;quot;by id or name &amp;quot;static_text_get_started&amp;quot;&amp;quot;
For documentation on this error, please visit: http://seleniumhq.org/exceptions/no_such_element.html
Build info: version: &amp;apos;2.53.1&amp;apos;, revision: &amp;apos;a36b8b1&amp;apos;, time: &amp;apos;2016-06-30 17:37:03&amp;apos;
System info: host: &amp;apos;Chetans-Mac.local&amp;apos;, ip: &amp;apos;10.9.43.151&amp;apos;, os.name: &amp;apos;Mac OS X&amp;apos;, os.arch: &amp;apos;x86_64&amp;apos;, os.version: &amp;apos;10.11.6&amp;apos;, java.version: &amp;apos;1.8.0_102&amp;apos;
Driver info: driver.version: unknown">
      <![CDATA[org.openqa.selenium.NoSuchElementException: Can't locate an element by this strategy: Locator map: 
- native content: "By.xpath: //UIAApplication[1]/UIAWindow[1]/UIAStaticText[1]" 
- html content: "by id or name "static_text_get_started""
For documentation on this error, please visit: http://seleniumhq.org/exceptions/no_such_element.html
Build info: version: '2.53.1', revision: 'a36b8b1', time: '2016-06-30 17:37:03'
System info: host: 'Chetans-Mac.local', ip: '10.9.43.151', os.name: 'Mac OS X', os.arch: 'x86_64', os.version: '10.11.6', java.version: '1.8.0_102'
Driver info: driver.version: unknown
	at io.appium.java_client.pagefactory.AppiumElementLocator.findElement(AppiumElementLocator.java:110)
	at io.appium.java_client.pagefactory.interceptors.InterceptorOfASingleElement.intercept(InterceptorOfASingleElement.java:57)
	at io.appium.java_client.ios.IOSElement$$EnhancerByCGLIB$$baa3e0af.toString(<generated>)
	at java.lang.String.valueOf(String.java:2994)
	at java.lang.StringBuilder.append(StringBuilder.java:131)
	at org.openqa.selenium.support.ui.ExpectedConditions$10.toString(ExpectedConditions.java:293)
	at org.openqa.selenium.support.ui.FluentWait.until(FluentWait.java:257)
	at com.mobiliya.common.pageObjects.KeywordsCommon.waitUntil(KeywordsCommon.java:27)
	at com.mobiliya.edvelop.test.EdvelopTests.testInvalidLoginWithGoogle(EdvelopTests.java:41)
... Removed 24 stack frames]]>
    </failure>
  </testcase> <!-- testInvalidLoginWithGoogle -->
  <testcase name="testInvalidLoginWithGoogle" time="128.317" classname="com.mobiliya.edvelop.test.EdvelopTests">
    <failure type="org.openqa.selenium.NoSuchElementException" message="Can&amp;apos;t locate an element by this strategy: By.xpath: //input[@id =&amp;apos;Email&amp;apos;]
For documentation on this error, please visit: http://seleniumhq.org/exceptions/no_such_element.html
Build info: version: &amp;apos;2.53.1&amp;apos;, revision: &amp;apos;a36b8b1&amp;apos;, time: &amp;apos;2016-06-30 17:37:03&amp;apos;
System info: host: &amp;apos;Chetans-Mac.local&amp;apos;, ip: &amp;apos;10.9.43.151&amp;apos;, os.name: &amp;apos;Mac OS X&amp;apos;, os.arch: &amp;apos;x86_64&amp;apos;, os.version: &amp;apos;10.11.6&amp;apos;, java.version: &amp;apos;1.8.0_102&amp;apos;
Driver info: driver.version: unknown">
      <![CDATA[org.openqa.selenium.NoSuchElementException: Can't locate an element by this strategy: By.xpath: //input[@id ='Email']
For documentation on this error, please visit: http://seleniumhq.org/exceptions/no_such_element.html
Build info: version: '2.53.1', revision: 'a36b8b1', time: '2016-06-30 17:37:03'
System info: host: 'Chetans-Mac.local', ip: '10.9.43.151', os.name: 'Mac OS X', os.arch: 'x86_64', os.version: '10.11.6', java.version: '1.8.0_102'
Driver info: driver.version: unknown
	at io.appium.java_client.pagefactory.AppiumElementLocator.findElement(AppiumElementLocator.java:110)
	at io.appium.java_client.pagefactory.interceptors.InterceptorOfASingleElement.intercept(InterceptorOfASingleElement.java:57)
	at io.appium.java_client.ios.IOSElement$$EnhancerByCGLIB$$baa3e0af.toString(<generated>)
	at java.lang.String.valueOf(String.java:2994)
	at java.lang.StringBuilder.append(StringBuilder.java:131)
	at org.openqa.selenium.support.ui.ExpectedConditions$10.toString(ExpectedConditions.java:293)
	at org.openqa.selenium.support.ui.FluentWait.until(FluentWait.java:257)
	at com.mobiliya.common.pageObjects.GoogleWebViewSignInPage.performGmailSignIn(GoogleWebViewSignInPage.java:54)
	at com.mobiliya.edvelop.test.EdvelopTests.testInvalidLoginWithGoogle(EdvelopTests.java:39)
... Removed 24 stack frames]]>
    </failure>
  </testcase> <!-- testInvalidLoginWithGoogle -->
  <testcase name="testValidLoginWithGoogle" time="0.0" classname="com.mobiliya.edvelop.test.EdvelopTests">
    <skipped/>
  </testcase> <!-- testValidLoginWithGoogle -->
  <testcase name="testDisplayDashboard" time="0.0" classname="com.mobiliya.edvelop.test.EdvelopTests">
    <skipped/>
  </testcase> <!-- testDisplayDashboard -->
</testsuite> <!-- Test -->
