<html>
<head>
<title>TestNG:  EdvelopTest</title>
<link href="../testng.css" rel="stylesheet" type="text/css" />
<link href="../my-testng.css" rel="stylesheet" type="text/css" />

<style type="text/css">
.log { display: none;} 
.stack-trace { display: none;} 
</style>
<script type="text/javascript">
<!--
function flip(e) {
  current = e.style.display;
  if (current == 'block') {
    e.style.display = 'none';
    return 0;
  }
  else {
    e.style.display = 'block';
    return 1;
  }
}

function toggleBox(szDivId, elem, msg1, msg2)
{
  var res = -1;  if (document.getElementById) {
    res = flip(document.getElementById(szDivId));
  }
  else if (document.all) {
    // this is the way old msie versions work
    res = flip(document.all[szDivId]);
  }
  if(elem) {
    if(res == 0) elem.innerHTML = msg1; else elem.innerHTML = msg2;
  }

}

function toggleAllBoxes() {
  if (document.getElementsByTagName) {
    d = document.getElementsByTagName('div');
    for (i = 0; i < d.length; i++) {
      if (d[i].className == 'log') {
        flip(d[i]);
      }
    }
  }
}

// -->
</script>

</head>
<body>
<h2 align='center'>EdvelopTest</h2><table border='1' align="center">
<tr>
<td>Tests passed/Failed/Skipped:</td><td>0/0/3</td>
</tr><tr>
<td>Started on:</td><td>Tue Sep 20 15:54:39 IST 2016</td>
</tr>
<tr><td>Total time:</td><td>199 seconds (199101 ms)</td>
</tr><tr>
<td>Included groups:</td><td></td>
</tr><tr>
<td>Excluded groups:</td><td></td>
</tr>
</table><p/>
<small><i>(Hover the method name to see the test class name)</i></small><p/>
<table width='100%' border='1' class='invocation-failed'>
<tr><td colspan='4' align='center'><b>FAILED CONFIGURATIONS</b></td></tr>
<tr><td><b>Test method</b></td>
<td width="30%"><b>Exception</b></td>
<td width="10%"><b>Time (seconds)</b></td>
<td><b>Instance</b></td>
</tr>
<tr>
<td title='com.mobiliya.edvelop.test.TestChildCount.beforeTest()'><b>beforeTest</b><br>Test class: com.mobiliya.edvelop.test.TestChildCount</td>
<td><div><pre>org.openqa.selenium.TimeoutException: Timed out after 120 seconds waiting for presence of element located by: By.xpath: //UIAApplication[1]/UIAWindow[1]/UIANavigationBar[1]/UIAButton[2]
Build info: version: &apos;2.53.1&apos;, revision: &apos;a36b8b1&apos;, time: &apos;2016-06-30 17:37:03&apos;
System info: host: &apos;Chetans-Mac.local&apos;, ip: &apos;192.168.133.131&apos;, os.name: &apos;Mac OS X&apos;, os.arch: &apos;x86_64&apos;, os.version: &apos;10.11.6&apos;, java.version: &apos;1.8.0_102&apos;
Driver info: io.appium.java_client.ios.IOSDriver
Capabilities [{app=/Users/chetan/Eclipse Workspaces/Appium/MobiliyaAppiumFramework/Apps/EdvelopDock.ipa, networkConnectionEnabled=false, bundleId=net.agreeyamobility.Test-App, databaseEnabled=false, deviceName=Mayank&apos;s, fullReset=true, platform=MAC, desired={app=/Users/chetan/Eclipse Workspaces/Appium/MobiliyaAppiumFramework/Apps/EdvelopDock.ipa, newCommandTimeout=15000, bundleId=net.agreeyamobility.Test-App, waitForAppScript=$.delay(5000); true;, platformName=iOS, udid=b9bad8c8321ce8e1e28ea5b99d14ca167b5672d4, deviceName=Mayank&apos;s, fullReset=true, autoAcceptAlerts=true}, newCommandTimeout=15000, webStorageEnabled=false, locationContextEnabled=false, browserName=, takesScreenshot=true, waitForAppScript=$.delay(5000); true;, javascriptEnabled=true, platformName=iOS, udid=b9bad8c8321ce8e1e28ea5b99d14ca167b5672d4, autoAcceptAlerts=true}]
Session ID: 991db5ff-e311-4616-baae-72abd33f688a
	at org.openqa.selenium.support.ui.WebDriverWait.timeoutException(WebDriverWait.java:80)
	at org.openqa.selenium.support.ui.FluentWait.until(FluentWait.java:261)
	at com.mobiliya.edvelop.test.TestChildCount.beforeTest(TestChildCount.java:23)
Caused by: org.openqa.selenium.NoSuchElementException: An element could not be located on the page using the given search parameters. (WARNING: The server did not provide any stacktrace information)
Command duration or timeout: 20.23 seconds
For documentation on this error, please visit: http://seleniumhq.org/exceptions/no_such_element.html
Build info: version: &apos;2.53.1&apos;, revision: &apos;a36b8b1&apos;, time: &apos;2016-06-30 17:37:03&apos;
System info: host: &apos;Chetans-Mac.local&apos;, ip: &apos;192.168.133.131&apos;, os.name: &apos;Mac OS X&apos;, os.arch: &apos;x86_64&apos;, os.version: &apos;10.11.6&apos;, java.version: &apos;1.8.0_102&apos;
Driver info: io.appium.java_client.ios.IOSDriver
Capabilities [{app=/Users/chetan/Eclipse Workspaces/Appium/MobiliyaAppiumFramework/Apps/EdvelopDock.ipa, networkConnectionEnabled=false, bundleId=net.agreeyamobility.Test-App, databaseEnabled=false, deviceName=Mayank&apos;s, fullReset=true, platform=MAC, desired={app=/Users/chetan/Eclipse Workspaces/Appium/MobiliyaAppiumFramework/Apps/EdvelopDock.ipa, newCommandTimeout=15000, bundleId=net.agreeyamobility.Test-App, waitForAppScript=$.delay(5000); true;, platformName=iOS, udid=b9bad8c8321ce8e1e28ea5b99d14ca167b5672d4, deviceName=Mayank&apos;s, fullReset=true, autoAcceptAlerts=true}, newCommandTimeout=15000, webStorageEnabled=false, locationContextEnabled=false, browserName=, takesScreenshot=true, waitForAppScript=$.delay(5000); true;, javascriptEnabled=true, platformName=iOS, udid=b9bad8c8321ce8e1e28ea5b99d14ca167b5672d4, autoAcceptAlerts=true}]
Session ID: 991db5ff-e311-4616-baae-72abd33f688a
*** Element info: {Using=xpath, value=//UIAApplication[1]/UIAWindow[1]/UIANavigationBar[1]/UIAButton[2]}
	at org.openqa.selenium.remote.ErrorHandler.createThrowable(ErrorHandler.java:206)
	at org.openqa.selenium.remote.ErrorHandler.throwIfResponseFailed(ErrorHandler.java:158)
	at org.openqa.selenium.remote.RemoteWebDriver.execute(RemoteWebDriver.java:678)
	at io.appium.java_client.DefaultGenericMobileDriver.execute(DefaultGenericMobileDriver.java:51)
	at io.appium.java_client.AppiumDriver.execute(AppiumDriver.java:1)
	at io.appium.java_client.ios.IOSDriver.execute(IOSDriver.java:1)
	at org.openqa.selenium.remote.RemoteWebDriver.findElement(RemoteWebDriver.java:363)
	at io.appium.java_client.DefaultGenericMobileDriver.findElement(DefaultGenericMobileDriver.java:67)
	at io.appium.java_client.AppiumDriver.findElement(AppiumDriver.java:1)
	at io.appium.java_client.ios.IOSDriver.findElement(IOSDriver.java:1)
	at org.openqa.selenium.remote.RemoteWebDriver.findElementByXPath(RemoteWebDriver.java:500)
	at io.appium.java_client.DefaultGenericMobileDriver.findElementByXPath(DefaultGenericMobileDriver.java:145)
	at io.appium.java_client.AppiumDriver.findElementByXPath(AppiumDriver.java:1)
	at io.appium.java_client.ios.IOSDriver.findElementByXPath(IOSDriver.java:1)
	at org.openqa.selenium.By$ByXPath.findElement(By.java:361)
	at org.openqa.selenium.remote.RemoteWebDriver.findElement(RemoteWebDriver.java:355)
	at io.appium.java_client.DefaultGenericMobileDriver.findElement(DefaultGenericMobileDriver.java:63)
	at io.appium.java_client.AppiumDriver.findElement(AppiumDriver.java:1)
	at io.appium.java_client.ios.IOSDriver.findElement(IOSDriver.java:1)
	at org.openqa.selenium.support.ui.ExpectedConditions.findElement(ExpectedConditions.java:899)
	at org.openqa.selenium.support.ui.ExpectedConditions.access$0(ExpectedConditions.java:897)
	at org.openqa.selenium.support.ui.ExpectedConditions$6.apply(ExpectedConditions.java:181)
	at org.openqa.selenium.support.ui.ExpectedConditions$6.apply(ExpectedConditions.java:1)
	at org.openqa.selenium.support.ui.FluentWait.until(FluentWait.java:238)
	... 25 more
... Removed 28 stack frames</pre></div><a href='#' onClick='toggleBox("stack-trace171809144", this, "Click to show all stack frames", "Click to hide stack frames")'>Click to show all stack frames</a>
<div class='stack-trace' id='stack-trace171809144'><pre>org.openqa.selenium.TimeoutException: Timed out after 120 seconds waiting for presence of element located by: By.xpath: //UIAApplication[1]/UIAWindow[1]/UIANavigationBar[1]/UIAButton[2]
Build info: version: &apos;2.53.1&apos;, revision: &apos;a36b8b1&apos;, time: &apos;2016-06-30 17:37:03&apos;
System info: host: &apos;Chetans-Mac.local&apos;, ip: &apos;192.168.133.131&apos;, os.name: &apos;Mac OS X&apos;, os.arch: &apos;x86_64&apos;, os.version: &apos;10.11.6&apos;, java.version: &apos;1.8.0_102&apos;
Driver info: io.appium.java_client.ios.IOSDriver
Capabilities [{app=/Users/chetan/Eclipse Workspaces/Appium/MobiliyaAppiumFramework/Apps/EdvelopDock.ipa, networkConnectionEnabled=false, bundleId=net.agreeyamobility.Test-App, databaseEnabled=false, deviceName=Mayank&apos;s, fullReset=true, platform=MAC, desired={app=/Users/chetan/Eclipse Workspaces/Appium/MobiliyaAppiumFramework/Apps/EdvelopDock.ipa, newCommandTimeout=15000, bundleId=net.agreeyamobility.Test-App, waitForAppScript=$.delay(5000); true;, platformName=iOS, udid=b9bad8c8321ce8e1e28ea5b99d14ca167b5672d4, deviceName=Mayank&apos;s, fullReset=true, autoAcceptAlerts=true}, newCommandTimeout=15000, webStorageEnabled=false, locationContextEnabled=false, browserName=, takesScreenshot=true, waitForAppScript=$.delay(5000); true;, javascriptEnabled=true, platformName=iOS, udid=b9bad8c8321ce8e1e28ea5b99d14ca167b5672d4, autoAcceptAlerts=true}]
Session ID: 991db5ff-e311-4616-baae-72abd33f688a
	at org.openqa.selenium.support.ui.WebDriverWait.timeoutException(WebDriverWait.java:80)
	at org.openqa.selenium.support.ui.FluentWait.until(FluentWait.java:261)
	at com.mobiliya.edvelop.test.TestChildCount.beforeTest(TestChildCount.java:23)
	at sun.reflect.NativeMethodAccessorImpl.invoke0(Native Method)
	at sun.reflect.NativeMethodAccessorImpl.invoke(NativeMethodAccessorImpl.java:62)
	at sun.reflect.DelegatingMethodAccessorImpl.invoke(DelegatingMethodAccessorImpl.java:43)
	at java.lang.reflect.Method.invoke(Method.java:498)
	at org.testng.internal.MethodInvocationHelper.invokeMethod(MethodInvocationHelper.java:85)
	at org.testng.internal.Invoker.invokeConfigurationMethod(Invoker.java:510)
	at org.testng.internal.Invoker.invokeConfigurations(Invoker.java:211)
	at org.testng.internal.Invoker.invokeConfigurations(Invoker.java:138)
	at org.testng.internal.TestMethodWorker.invokeBeforeClassMethods(TestMethodWorker.java:170)
	at org.testng.internal.TestMethodWorker.run(TestMethodWorker.java:104)
	at org.testng.TestRunner.privateRun(TestRunner.java:774)
	at org.testng.TestRunner.run(TestRunner.java:624)
	at org.testng.SuiteRunner.runTest(SuiteRunner.java:359)
	at org.testng.SuiteRunner.runSequentially(SuiteRunner.java:354)
	at org.testng.SuiteRunner.privateRun(SuiteRunner.java:312)
	at org.testng.SuiteRunner.run(SuiteRunner.java:261)
	at org.testng.SuiteRunnerWorker.runSuite(SuiteRunnerWorker.java:52)
	at org.testng.SuiteRunnerWorker.run(SuiteRunnerWorker.java:86)
	at org.testng.TestNG.runSuitesSequentially(TestNG.java:1215)
	at org.testng.TestNG.runSuitesLocally(TestNG.java:1140)
	at org.testng.TestNG.run(TestNG.java:1048)
	at org.testng.remote.AbstractRemoteTestNG.run(AbstractRemoteTestNG.java:126)
	at org.testng.remote.RemoteTestNG.initAndRun(RemoteTestNG.java:152)
	at org.testng.remote.RemoteTestNG.main(RemoteTestNG.java:57)
Caused by: org.openqa.selenium.NoSuchElementException: An element could not be located on the page using the given search parameters. (WARNING: The server did not provide any stacktrace information)
Command duration or timeout: 20.23 seconds
For documentation on this error, please visit: http://seleniumhq.org/exceptions/no_such_element.html
Build info: version: &apos;2.53.1&apos;, revision: &apos;a36b8b1&apos;, time: &apos;2016-06-30 17:37:03&apos;
System info: host: &apos;Chetans-Mac.local&apos;, ip: &apos;192.168.133.131&apos;, os.name: &apos;Mac OS X&apos;, os.arch: &apos;x86_64&apos;, os.version: &apos;10.11.6&apos;, java.version: &apos;1.8.0_102&apos;
Driver info: io.appium.java_client.ios.IOSDriver
Capabilities [{app=/Users/chetan/Eclipse Workspaces/Appium/MobiliyaAppiumFramework/Apps/EdvelopDock.ipa, networkConnectionEnabled=false, bundleId=net.agreeyamobility.Test-App, databaseEnabled=false, deviceName=Mayank&apos;s, fullReset=true, platform=MAC, desired={app=/Users/chetan/Eclipse Workspaces/Appium/MobiliyaAppiumFramework/Apps/EdvelopDock.ipa, newCommandTimeout=15000, bundleId=net.agreeyamobility.Test-App, waitForAppScript=$.delay(5000); true;, platformName=iOS, udid=b9bad8c8321ce8e1e28ea5b99d14ca167b5672d4, deviceName=Mayank&apos;s, fullReset=true, autoAcceptAlerts=true}, newCommandTimeout=15000, webStorageEnabled=false, locationContextEnabled=false, browserName=, takesScreenshot=true, waitForAppScript=$.delay(5000); true;, javascriptEnabled=true, platformName=iOS, udid=b9bad8c8321ce8e1e28ea5b99d14ca167b5672d4, autoAcceptAlerts=true}]
Session ID: 991db5ff-e311-4616-baae-72abd33f688a
*** Element info: {Using=xpath, value=//UIAApplication[1]/UIAWindow[1]/UIANavigationBar[1]/UIAButton[2]}
	at sun.reflect.NativeConstructorAccessorImpl.newInstance0(Native Method)
	at sun.reflect.NativeConstructorAccessorImpl.newInstance(NativeConstructorAccessorImpl.java:62)
	at sun.reflect.DelegatingConstructorAccessorImpl.newInstance(DelegatingConstructorAccessorImpl.java:45)
	at java.lang.reflect.Constructor.newInstance(Constructor.java:423)
	at org.openqa.selenium.remote.ErrorHandler.createThrowable(ErrorHandler.java:206)
	at org.openqa.selenium.remote.ErrorHandler.throwIfResponseFailed(ErrorHandler.java:158)
	at org.openqa.selenium.remote.RemoteWebDriver.execute(RemoteWebDriver.java:678)
	at io.appium.java_client.DefaultGenericMobileDriver.execute(DefaultGenericMobileDriver.java:51)
	at io.appium.java_client.AppiumDriver.execute(AppiumDriver.java:1)
	at io.appium.java_client.ios.IOSDriver.execute(IOSDriver.java:1)
	at org.openqa.selenium.remote.RemoteWebDriver.findElement(RemoteWebDriver.java:363)
	at io.appium.java_client.DefaultGenericMobileDriver.findElement(DefaultGenericMobileDriver.java:67)
	at io.appium.java_client.AppiumDriver.findElement(AppiumDriver.java:1)
	at io.appium.java_client.ios.IOSDriver.findElement(IOSDriver.java:1)
	at org.openqa.selenium.remote.RemoteWebDriver.findElementByXPath(RemoteWebDriver.java:500)
	at io.appium.java_client.DefaultGenericMobileDriver.findElementByXPath(DefaultGenericMobileDriver.java:145)
	at io.appium.java_client.AppiumDriver.findElementByXPath(AppiumDriver.java:1)
	at io.appium.java_client.ios.IOSDriver.findElementByXPath(IOSDriver.java:1)
	at org.openqa.selenium.By$ByXPath.findElement(By.java:361)
	at org.openqa.selenium.remote.RemoteWebDriver.findElement(RemoteWebDriver.java:355)
	at io.appium.java_client.DefaultGenericMobileDriver.findElement(DefaultGenericMobileDriver.java:63)
	at io.appium.java_client.AppiumDriver.findElement(AppiumDriver.java:1)
	at io.appium.java_client.ios.IOSDriver.findElement(IOSDriver.java:1)
	at org.openqa.selenium.support.ui.ExpectedConditions.findElement(ExpectedConditions.java:899)
	at org.openqa.selenium.support.ui.ExpectedConditions.access$0(ExpectedConditions.java:897)
	at org.openqa.selenium.support.ui.ExpectedConditions$6.apply(ExpectedConditions.java:181)
	at org.openqa.selenium.support.ui.ExpectedConditions$6.apply(ExpectedConditions.java:1)
	at org.openqa.selenium.support.ui.FluentWait.until(FluentWait.java:238)
	... 25 more
</pre></div></td>
<td>0</td>
<td>com.mobiliya.edvelop.test.TestChildCount@69ea3742</td></tr>
</table><p>
<table width='100%' border='1' class='invocation-skipped'>
<tr><td colspan='4' align='center'><b>SKIPPED CONFIGURATIONS</b></td></tr>
<tr><td><b>Test method</b></td>
<td width="30%"><b>Exception</b></td>
<td width="10%"><b>Time (seconds)</b></td>
<td><b>Instance</b></td>
</tr>
<tr>
<td title='com.mobiliya.edvelop.test.TestChildCount.afterTest()'><b>afterTest</b><br>Test class: com.mobiliya.edvelop.test.TestChildCount</td>
<td></td>
<td>0</td>
<td>com.mobiliya.edvelop.test.TestChildCount@69ea3742</td></tr>
</table><p>
<table width='100%' border='1' class='invocation-skipped'>
<tr><td colspan='4' align='center'><b>SKIPPED TESTS</b></td></tr>
<tr><td><b>Test method</b></td>
<td width="30%"><b>Exception</b></td>
<td width="10%"><b>Time (seconds)</b></td>
<td><b>Instance</b></td>
</tr>
<tr>
<td title='com.mobiliya.edvelop.test.TestChildCount.child1Crousetest()'><b>child1Crousetest</b><br>Test class: com.mobiliya.edvelop.test.TestChildCount</td>
<td></td>
<td>0</td>
<td>com.mobiliya.edvelop.test.TestChildCount@69ea3742</td></tr>
<tr>
<td title='com.mobiliya.edvelop.test.TestChildCount.child1NameTest()'><b>child1NameTest</b><br>Test class: com.mobiliya.edvelop.test.TestChildCount</td>
<td></td>
<td>0</td>
<td>com.mobiliya.edvelop.test.TestChildCount@69ea3742</td></tr>
<tr>
<td title='com.mobiliya.edvelop.test.TestChildCount.childCountTest()'><b>childCountTest</b><br>Test class: com.mobiliya.edvelop.test.TestChildCount</td>
<td></td>
<td>0</td>
<td>com.mobiliya.edvelop.test.TestChildCount@69ea3742</td></tr>
</table><p>
</body>
</html>