<?xml version="1.0" encoding="UTF-8"?>
<!-- Generated by org.testng.reporters.JUnitXMLReporter -->
<testsuite hostname="Chetans-Mac.local" name="EdvelopTest" tests="3" failures="0" timestamp="20 Sep 2016 10:27:58 GMT" time="199.101" errors="0">
  <testcase name="@BeforeClass beforeTest" time="0.0" classname="com.mobiliya.edvelop.test.TestChildCount">
    <failure type="org.openqa.selenium.TimeoutException" message="Timed out after 120 seconds waiting for presence of element located by: By.xpath: //UIAApplication[1]/UIAWindow[1]/UIANavigationBar[1]/UIAButton[2]
Build info: version: &amp;apos;2.53.1&amp;apos;, revision: &amp;apos;a36b8b1&amp;apos;, time: &amp;apos;2016-06-30 17:37:03&amp;apos;
System info: host: &amp;apos;Chetans-Mac.local&amp;apos;, ip: &amp;apos;192.168.133.131&amp;apos;, os.name: &amp;apos;Mac OS X&amp;apos;, os.arch: &amp;apos;x86_64&amp;apos;, os.version: &amp;apos;10.11.6&amp;apos;, java.version: &amp;apos;1.8.0_102&amp;apos;
Driver info: io.appium.java_client.ios.IOSDriver
Capabilities [{app=/Users/chetan/Eclipse Workspaces/Appium/MobiliyaAppiumFramework/Apps/EdvelopDock.ipa, networkConnectionEnabled=false, bundleId=net.agreeyamobility.Test-App, databaseEnabled=false, deviceName=Mayank&amp;apos;s, fullReset=true, platform=MAC, desired={app=/Users/chetan/Eclipse Workspaces/Appium/MobiliyaAppiumFramework/Apps/EdvelopDock.ipa, newCommandTimeout=15000, bundleId=net.agreeyamobility.Test-App, waitForAppScript=$.delay(5000); true;, platformName=iOS, udid=b9bad8c8321ce8e1e28ea5b99d14ca167b5672d4, deviceName=Mayank&amp;apos;s, fullReset=true, autoAcceptAlerts=true}, newCommandTimeout=15000, webStorageEnabled=false, locationContextEnabled=false, browserName=, takesScreenshot=true, waitForAppScript=$.delay(5000); true;, javascriptEnabled=true, platformName=iOS, udid=b9bad8c8321ce8e1e28ea5b99d14ca167b5672d4, autoAcceptAlerts=true}]
Session ID: 991db5ff-e311-4616-baae-72abd33f688a">
      <![CDATA[org.openqa.selenium.TimeoutException: Timed out after 120 seconds waiting for presence of element located by: By.xpath: //UIAApplication[1]/UIAWindow[1]/UIANavigationBar[1]/UIAButton[2]
Build info: version: '2.53.1', revision: 'a36b8b1', time: '2016-06-30 17:37:03'
System info: host: 'Chetans-Mac.local', ip: '192.168.133.131', os.name: 'Mac OS X', os.arch: 'x86_64', os.version: '10.11.6', java.version: '1.8.0_102'
Driver info: io.appium.java_client.ios.IOSDriver
Capabilities [{app=/Users/chetan/Eclipse Workspaces/Appium/MobiliyaAppiumFramework/Apps/EdvelopDock.ipa, networkConnectionEnabled=false, bundleId=net.agreeyamobility.Test-App, databaseEnabled=false, deviceName=Mayank's, fullReset=true, platform=MAC, desired={app=/Users/chetan/Eclipse Workspaces/Appium/MobiliyaAppiumFramework/Apps/EdvelopDock.ipa, newCommandTimeout=15000, bundleId=net.agreeyamobility.Test-App, waitForAppScript=$.delay(5000); true;, platformName=iOS, udid=b9bad8c8321ce8e1e28ea5b99d14ca167b5672d4, deviceName=Mayank's, fullReset=true, autoAcceptAlerts=true}, newCommandTimeout=15000, webStorageEnabled=false, locationContextEnabled=false, browserName=, takesScreenshot=true, waitForAppScript=$.delay(5000); true;, javascriptEnabled=true, platformName=iOS, udid=b9bad8c8321ce8e1e28ea5b99d14ca167b5672d4, autoAcceptAlerts=true}]
Session ID: 991db5ff-e311-4616-baae-72abd33f688a
	at org.openqa.selenium.support.ui.WebDriverWait.timeoutException(WebDriverWait.java:80)
	at org.openqa.selenium.support.ui.FluentWait.until(FluentWait.java:261)
	at com.mobiliya.edvelop.test.TestChildCount.beforeTest(TestChildCount.java:23)
Caused by: org.openqa.selenium.NoSuchElementException: An element could not be located on the page using the given search parameters. (WARNING: The server did not provide any stacktrace information)
Command duration or timeout: 20.23 seconds
For documentation on this error, please visit: http://seleniumhq.org/exceptions/no_such_element.html
Build info: version: '2.53.1', revision: 'a36b8b1', time: '2016-06-30 17:37:03'
System info: host: 'Chetans-Mac.local', ip: '192.168.133.131', os.name: 'Mac OS X', os.arch: 'x86_64', os.version: '10.11.6', java.version: '1.8.0_102'
Driver info: io.appium.java_client.ios.IOSDriver
Capabilities [{app=/Users/chetan/Eclipse Workspaces/Appium/MobiliyaAppiumFramework/Apps/EdvelopDock.ipa, networkConnectionEnabled=false, bundleId=net.agreeyamobility.Test-App, databaseEnabled=false, deviceName=Mayank's, fullReset=true, platform=MAC, desired={app=/Users/chetan/Eclipse Workspaces/Appium/MobiliyaAppiumFramework/Apps/EdvelopDock.ipa, newCommandTimeout=15000, bundleId=net.agreeyamobility.Test-App, waitForAppScript=$.delay(5000); true;, platformName=iOS, udid=b9bad8c8321ce8e1e28ea5b99d14ca167b5672d4, deviceName=Mayank's, fullReset=true, autoAcceptAlerts=true}, newCommandTimeout=15000, webStorageEnabled=false, locationContextEnabled=false, browserName=, takesScreenshot=true, waitForAppScript=$.delay(5000); true;, javascriptEnabled=true, platformName=iOS, udid=b9bad8c8321ce8e1e28ea5b99d14ca167b5672d4, autoAcceptAlerts=true}]
Session ID: 991db5ff-e311-4616-baae-72abd33f688a
*** Element info: {Using=xpath, value=//UIAApplication[1]/UIAWindow[1]/UIANavigationBar[1]/UIAButton[2]}
	at org.openqa.selenium.remote.ErrorHandler.createThrowable(ErrorHandler.java:206)
	at org.openqa.selenium.remote.ErrorHandler.throwIfResponseFailed(ErrorHandler.java:158)
	at org.openqa.selenium.remote.RemoteWebDriver.execute(RemoteWebDriver.java:678)
	at io.appium.java_client.DefaultGenericMobileDriver.execute(DefaultGenericMobileDriver.java:51)
	at io.appium.java_client.AppiumDriver.execute(AppiumDriver.java:1)
	at io.appium.java_client.ios.IOSDriver.execute(IOSDriver.java:1)
	at org.openqa.selenium.remote.RemoteWebDriver.findElement(RemoteWebDriver.java:363)
	at io.appium.java_client.DefaultGenericMobileDriver.findElement(DefaultGenericMobileDriver.java:67)
	at io.appium.java_client.AppiumDriver.findElement(AppiumDriver.java:1)
	at io.appium.java_client.ios.IOSDriver.findElement(IOSDriver.java:1)
	at org.openqa.selenium.remote.RemoteWebDriver.findElementByXPath(RemoteWebDriver.java:500)
	at io.appium.java_client.DefaultGenericMobileDriver.findElementByXPath(DefaultGenericMobileDriver.java:145)
	at io.appium.java_client.AppiumDriver.findElementByXPath(AppiumDriver.java:1)
	at io.appium.java_client.ios.IOSDriver.findElementByXPath(IOSDriver.java:1)
	at org.openqa.selenium.By$ByXPath.findElement(By.java:361)
	at org.openqa.selenium.remote.RemoteWebDriver.findElement(RemoteWebDriver.java:355)
	at io.appium.java_client.DefaultGenericMobileDriver.findElement(DefaultGenericMobileDriver.java:63)
	at io.appium.java_client.AppiumDriver.findElement(AppiumDriver.java:1)
	at io.appium.java_client.ios.IOSDriver.findElement(IOSDriver.java:1)
	at org.openqa.selenium.support.ui.ExpectedConditions.findElement(ExpectedConditions.java:899)
	at org.openqa.selenium.support.ui.ExpectedConditions.access$0(ExpectedConditions.java:897)
	at org.openqa.selenium.support.ui.ExpectedConditions$6.apply(ExpectedConditions.java:181)
	at org.openqa.selenium.support.ui.ExpectedConditions$6.apply(ExpectedConditions.java:1)
	at org.openqa.selenium.support.ui.FluentWait.until(FluentWait.java:238)
	... 25 more
... Removed 28 stack frames]]>
    </failure>
  </testcase> <!-- @BeforeClass beforeTest -->
  <testcase name="@AfterClass afterTest" time="0.0" classname="com.mobiliya.edvelop.test.TestChildCount">
    <skipped/>
  </testcase> <!-- @AfterClass afterTest -->
  <testcase name="childCountTest" time="0.009" classname="com.mobiliya.edvelop.test.TestChildCount">
    <skipped/>
  </testcase> <!-- childCountTest -->
  <testcase name="child1NameTest" time="0.005" classname="com.mobiliya.edvelop.test.TestChildCount">
    <skipped/>
  </testcase> <!-- child1NameTest -->
  <testcase name="child1Crousetest" time="0.002" classname="com.mobiliya.edvelop.test.TestChildCount">
    <skipped/>
  </testcase> <!-- child1Crousetest -->
</testsuite> <!-- EdvelopTest -->
