<!DOCTYPE html PUBLIC "-//W3C//DTD XHTML 1.1//EN" "http://www.w3.org/TR/xhtml11/DTD/xhtml11.dtd">
<html xmlns="http://www.w3.org/1999/xhtml"><head><title>TestNG Report</title><style type="text/css">table {margin-bottom:10px;border-collapse:collapse;empty-cells:show}th,td {border:1px solid #009;padding:.25em .5em}th {vertical-align:bottom}td {vertical-align:top}table a {font-weight:bold}.stripe td {background-color: #E6EBF9}.num {text-align:right}.passedodd td {background-color: #3F3}.passedeven td {background-color: #0A0}.skippedodd td {background-color: #DDD}.skippedeven td {background-color: #CCC}.failedodd td,.attn {background-color: #F33}.failedeven td,.stripe .attn {background-color: #D00}.stacktrace {white-space:pre;font-family:monospace}.totop {font-size:85%;text-align:center;border-bottom:2px solid #000}</style></head><body><table><tr><th>Test</th><th># Passed</th><th># Skipped</th><th># Failed</th><th>Time (ms)</th><th>Included Groups</th><th>Excluded Groups</th></tr><tr><th colspan="7">Suite</th></tr><tr><td><a href="#t0">Test</a></td><td class="num">2</td><td class="num attn">2</td><td class="num attn">2</td><td class="num">320,306</td><td></td><td></td></tr></table><table><thead><tr><th>Class</th><th>Method</th><th>Start</th><th>Time (ms)</th></tr></thead><tbody><tr><th colspan="4">Suite</th></tr></tbody><tbody id="t0"><tr><th colspan="4">Test &#8212; failed</th></tr><tr class="failedeven"><td rowspan="2">com.mobiliya.edvelop.test.EdvelopTests</td><td><a href="#m0">testInvalidLoginWithGoogle</a></td><td rowspan="2">1474610664012</td><td rowspan="2">128317</td></tr><tr class="failedeven"><td><a href="#m1">testInvalidLoginWithGoogle</a></td></tr><tr><th colspan="4">Test &#8212; skipped</th></tr><tr class="skippedeven"><td rowspan="2">com.mobiliya.edvelop.test.EdvelopTests</td><td><a href="#m2">testDisplayDashboard</a></td><td rowspan="1">1474610806583</td><td rowspan="1">0</td></tr><tr class="skippedeven"><td><a href="#m3">testValidLoginWithGoogle</a></td><td rowspan="1">1474610806568</td><td rowspan="1">0</td></tr><tr><th colspan="4">Test &#8212; passed</th></tr><tr class="passedeven"><td rowspan="2">com.mobiliya.edvelop.test.EdvelopTests</td><td><a href="#m4">testDisplayIntroScreensOnFirstLaunch</a></td><td rowspan="1">1474610486388</td><td rowspan="1">20036</td></tr><tr class="passedeven"><td><a href="#m5">testValidLoginWithGoogleAfterLoginFail</a></td><td rowspan="1">1474610486319</td><td rowspan="1">8</td></tr></tbody></table><h2>Test</h2><h3 id="m0">com.mobiliya.edvelop.test.EdvelopTests#testInvalidLoginWithGoogle</h3><table class="result"><tr class="param"><th>Parameter #1</th><th>Parameter #2</th></tr><tr class="param stripe"><td>null</td><td>null</td></tr><tr><th colspan="2">Exception</th></tr><tr><td colspan="2"><div class="stacktrace">org.openqa.selenium.NoSuchElementException: Can&apos;t locate an element by this strategy: By.xpath: //input[@id =&apos;Email&apos;]
For documentation on this error, please visit: http://seleniumhq.org/exceptions/no_such_element.html
Build info: version: &apos;2.53.1&apos;, revision: &apos;a36b8b1&apos;, time: &apos;2016-06-30 17:37:03&apos;
System info: host: &apos;Chetans-Mac.local&apos;, ip: &apos;10.9.43.151&apos;, os.name: &apos;Mac OS X&apos;, os.arch: &apos;x86_64&apos;, os.version: &apos;10.11.6&apos;, java.version: &apos;1.8.0_102&apos;
Driver info: driver.version: unknown
	at io.appium.java_client.pagefactory.AppiumElementLocator.findElement(AppiumElementLocator.java:110)
	at io.appium.java_client.pagefactory.interceptors.InterceptorOfASingleElement.intercept(InterceptorOfASingleElement.java:57)
	at io.appium.java_client.ios.IOSElement$$EnhancerByCGLIB$$baa3e0af.toString(&lt;generated&gt;)
	at java.lang.String.valueOf(String.java:2994)
	at java.lang.StringBuilder.append(StringBuilder.java:131)
	at org.openqa.selenium.support.ui.ExpectedConditions$10.toString(ExpectedConditions.java:293)
	at org.openqa.selenium.support.ui.FluentWait.until(FluentWait.java:257)
	at com.mobiliya.common.pageObjects.GoogleWebViewSignInPage.performGmailSignIn(GoogleWebViewSignInPage.java:54)
	at com.mobiliya.edvelop.test.EdvelopTests.testInvalidLoginWithGoogle(EdvelopTests.java:39)
... Removed 24 stack frames</div></td></tr></table><p class="totop"><a href="#summary">back to summary</a></p><h3 id="m1">com.mobiliya.edvelop.test.EdvelopTests#testInvalidLoginWithGoogle</h3><table class="result"><tr class="param"><th>Parameter #1</th><th>Parameter #2</th></tr><tr class="param stripe"><td>mobiliya1234@gmail.com</td><td>mobiliya123</td></tr><tr><th colspan="2">Exception</th></tr><tr><td colspan="2"><div class="stacktrace">org.openqa.selenium.NoSuchElementException: Can&apos;t locate an element by this strategy: Locator map: 
- native content: &quot;By.xpath: //UIAApplication[1]/UIAWindow[1]/UIAStaticText[1]&quot; 
- html content: &quot;by id or name &quot;static_text_get_started&quot;&quot;
For documentation on this error, please visit: http://seleniumhq.org/exceptions/no_such_element.html
Build info: version: &apos;2.53.1&apos;, revision: &apos;a36b8b1&apos;, time: &apos;2016-06-30 17:37:03&apos;
System info: host: &apos;Chetans-Mac.local&apos;, ip: &apos;10.9.43.151&apos;, os.name: &apos;Mac OS X&apos;, os.arch: &apos;x86_64&apos;, os.version: &apos;10.11.6&apos;, java.version: &apos;1.8.0_102&apos;
Driver info: driver.version: unknown
	at io.appium.java_client.pagefactory.AppiumElementLocator.findElement(AppiumElementLocator.java:110)
	at io.appium.java_client.pagefactory.interceptors.InterceptorOfASingleElement.intercept(InterceptorOfASingleElement.java:57)
	at io.appium.java_client.ios.IOSElement$$EnhancerByCGLIB$$baa3e0af.toString(&lt;generated&gt;)
	at java.lang.String.valueOf(String.java:2994)
	at java.lang.StringBuilder.append(StringBuilder.java:131)
	at org.openqa.selenium.support.ui.ExpectedConditions$10.toString(ExpectedConditions.java:293)
	at org.openqa.selenium.support.ui.FluentWait.until(FluentWait.java:257)
	at com.mobiliya.common.pageObjects.KeywordsCommon.waitUntil(KeywordsCommon.java:27)
	at com.mobiliya.edvelop.test.EdvelopTests.testInvalidLoginWithGoogle(EdvelopTests.java:41)
... Removed 24 stack frames</div></td></tr></table><p class="totop"><a href="#summary">back to summary</a></p><h3 id="m2">com.mobiliya.edvelop.test.EdvelopTests#testDisplayDashboard</h3><table class="result"><tr><th>Exception</th></tr><tr><td><div class="stacktrace">java.lang.Throwable: Method EdvelopTests.testDisplayDashboard()[pri:0, instance:com.mobiliya.edvelop.test.EdvelopTests@1e127982] depends on not successfully finished methods
... Removed 17 stack frames</div></td></tr></table><p class="totop"><a href="#summary">back to summary</a></p><h3 id="m3">com.mobiliya.edvelop.test.EdvelopTests#testValidLoginWithGoogle</h3><table class="result"><tr><th>Exception</th></tr><tr><td><div class="stacktrace">java.lang.Throwable: Method EdvelopTests.testValidLoginWithGoogle(java.lang.String, java.lang.String)[pri:0, instance:com.mobiliya.edvelop.test.EdvelopTests@1e127982] depends on not successfully finished methods
... Removed 17 stack frames</div></td></tr></table><p class="totop"><a href="#summary">back to summary</a></p><h3 id="m4">com.mobiliya.edvelop.test.EdvelopTests#testDisplayIntroScreensOnFirstLaunch</h3><table class="result"></table><p class="totop"><a href="#summary">back to summary</a></p><h3 id="m5">com.mobiliya.edvelop.test.EdvelopTests#testValidLoginWithGoogleAfterLoginFail</h3><table class="result"></table><p class="totop"><a href="#summary">back to summary</a></p></body></html>