<?xml version="1.0" encoding="UTF-8"?>
<testng-results skipped="2" failed="2" total="6" passed="2">
  <reporter-output>
  </reporter-output>
  <suite name="Suite" duration-ms="320306" started-at="2016-09-23T06:01:26Z" finished-at="2016-09-23T06:06:46Z">
    <groups>
    </groups>
    <test name="Test" duration-ms="320306" started-at="2016-09-23T06:01:26Z" finished-at="2016-09-23T06:06:46Z">
      <class name="com.mobiliya.edvelop.test.BaseTest">
        <test-method status="PASS" signature="setup()[pri:0, instance:com.mobiliya.edvelop.test.BaseTest@617faa95]" name="setup" is-config="true" duration-ms="49364" started-at="2016-09-23T11:30:36Z" finished-at="2016-09-23T11:31:26Z">
          <reporter-output>
          </reporter-output>
        </test-method> <!-- setup -->
        <test-method status="PASS" signature="tearDown()[pri:0, instance:com.mobiliya.edvelop.test.BaseTest@617faa95]" name="tearDown" is-config="true" duration-ms="255" started-at="2016-09-23T11:36:46Z" finished-at="2016-09-23T11:36:47Z">
          <reporter-output>
          </reporter-output>
        </test-method> <!-- tearDown -->
      </class> <!-- com.mobiliya.edvelop.test.BaseTest -->
      <class name="com.mobiliya.edvelop.test.EdvelopTests">
        <test-method status="PASS" signature="testValidLoginWithGoogleAfterLoginFail()[pri:0, instance:com.mobiliya.edvelop.test.EdvelopTests@1e127982]" name="testValidLoginWithGoogleAfterLoginFail" duration-ms="8" started-at="2016-09-23T11:31:26Z" finished-at="2016-09-23T11:31:26Z">
          <reporter-output>
          </reporter-output>
        </test-method> <!-- testValidLoginWithGoogleAfterLoginFail -->
        <test-method status="PASS" signature="testDisplayIntroScreensOnFirstLaunch()[pri:1, instance:com.mobiliya.edvelop.test.EdvelopTests@1e127982]" name="testDisplayIntroScreensOnFirstLaunch" duration-ms="20036" started-at="2016-09-23T11:31:26Z" finished-at="2016-09-23T11:31:46Z">
          <reporter-output>
          </reporter-output>
        </test-method> <!-- testDisplayIntroScreensOnFirstLaunch -->
        <test-method status="FAIL" signature="testInvalidLoginWithGoogle(java.lang.String, java.lang.String)[pri:0, instance:com.mobiliya.edvelop.test.EdvelopTests@1e127982]" name="testInvalidLoginWithGoogle" duration-ms="146020" started-at="2016-09-23T11:31:46Z" data-provider="testDataInvalidLogin" depends-on-methods="com.mobiliya.edvelop.test.EdvelopTests.testDisplayIntroScreensOnFirstLaunch" finished-at="2016-09-23T11:34:12Z">
          <params>
            <param index="0">
              <value>
                <![CDATA[mobiliya1234@gmail.com]]>
              </value>
            </param>
            <param index="1">
              <value>
                <![CDATA[mobiliya123]]>
              </value>
            </param>
          </params>
          <exception class="org.openqa.selenium.NoSuchElementException">
            <message>
              <![CDATA[Can't locate an element by this strategy: Locator map: 
- native content: "By.xpath: //UIAApplication[1]/UIAWindow[1]/UIAStaticText[1]" 
- html content: "by id or name "static_text_get_started""
For documentation on this error, please visit: http://seleniumhq.org/exceptions/no_such_element.html
Build info: version: '2.53.1', revision: 'a36b8b1', time: '2016-06-30 17:37:03'
System info: host: 'Chetans-Mac.local', ip: '10.9.43.151', os.name: 'Mac OS X', os.arch: 'x86_64', os.version: '10.11.6', java.version: '1.8.0_102'
Driver info: driver.version: unknown]]>
            </message>
            <full-stacktrace>
              <![CDATA[org.openqa.selenium.NoSuchElementException: Can't locate an element by this strategy: Locator map: 
- native content: "By.xpath: //UIAApplication[1]/UIAWindow[1]/UIAStaticText[1]" 
- html content: "by id or name "static_text_get_started""
For documentation on this error, please visit: http://seleniumhq.org/exceptions/no_such_element.html
Build info: version: '2.53.1', revision: 'a36b8b1', time: '2016-06-30 17:37:03'
System info: host: 'Chetans-Mac.local', ip: '10.9.43.151', os.name: 'Mac OS X', os.arch: 'x86_64', os.version: '10.11.6', java.version: '1.8.0_102'
Driver info: driver.version: unknown
	at io.appium.java_client.pagefactory.AppiumElementLocator.findElement(AppiumElementLocator.java:110)
	at io.appium.java_client.pagefactory.interceptors.InterceptorOfASingleElement.intercept(InterceptorOfASingleElement.java:57)
	at io.appium.java_client.ios.IOSElement$$EnhancerByCGLIB$$baa3e0af.toString(<generated>)
	at java.lang.String.valueOf(String.java:2994)
	at java.lang.StringBuilder.append(StringBuilder.java:131)
	at org.openqa.selenium.support.ui.ExpectedConditions$10.toString(ExpectedConditions.java:293)
	at org.openqa.selenium.support.ui.FluentWait.until(FluentWait.java:257)
	at com.mobiliya.common.pageObjects.KeywordsCommon.waitUntil(KeywordsCommon.java:27)
	at com.mobiliya.edvelop.test.EdvelopTests.testInvalidLoginWithGoogle(EdvelopTests.java:41)
	at sun.reflect.NativeMethodAccessorImpl.invoke0(Native Method)
	at sun.reflect.NativeMethodAccessorImpl.invoke(NativeMethodAccessorImpl.java:62)
	at sun.reflect.DelegatingMethodAccessorImpl.invoke(DelegatingMethodAccessorImpl.java:43)
	at java.lang.reflect.Method.invoke(Method.java:498)
	at org.testng.internal.MethodInvocationHelper.invokeMethod(MethodInvocationHelper.java:85)
	at org.testng.internal.Invoker.invokeMethod(Invoker.java:639)
	at org.testng.internal.Invoker.invokeTestMethod(Invoker.java:816)
	at org.testng.internal.Invoker.invokeTestMethods(Invoker.java:1124)
	at org.testng.internal.TestMethodWorker.invokeTestMethods(TestMethodWorker.java:125)
	at org.testng.internal.TestMethodWorker.run(TestMethodWorker.java:108)
	at org.testng.TestRunner.privateRun(TestRunner.java:774)
	at org.testng.TestRunner.run(TestRunner.java:624)
	at org.testng.SuiteRunner.runTest(SuiteRunner.java:359)
	at org.testng.SuiteRunner.runSequentially(SuiteRunner.java:354)
	at org.testng.SuiteRunner.privateRun(SuiteRunner.java:312)
	at org.testng.SuiteRunner.run(SuiteRunner.java:261)
	at org.testng.SuiteRunnerWorker.runSuite(SuiteRunnerWorker.java:52)
	at org.testng.SuiteRunnerWorker.run(SuiteRunnerWorker.java:86)
	at org.testng.TestNG.runSuitesSequentially(TestNG.java:1215)
	at org.testng.TestNG.runSuitesLocally(TestNG.java:1140)
	at org.testng.TestNG.run(TestNG.java:1048)
	at org.testng.remote.AbstractRemoteTestNG.run(AbstractRemoteTestNG.java:126)
	at org.testng.remote.RemoteTestNG.initAndRun(RemoteTestNG.java:152)
	at org.testng.remote.RemoteTestNG.main(RemoteTestNG.java:57)
]]>
            </full-stacktrace>
          </exception> <!-- org.openqa.selenium.NoSuchElementException -->
          <reporter-output>
          </reporter-output>
        </test-method> <!-- testInvalidLoginWithGoogle -->
        <test-method status="FAIL" signature="testInvalidLoginWithGoogle(java.lang.String, java.lang.String)[pri:0, instance:com.mobiliya.edvelop.test.EdvelopTests@1e127982]" name="testInvalidLoginWithGoogle" duration-ms="128317" started-at="2016-09-23T11:34:24Z" data-provider="testDataInvalidLogin" depends-on-methods="com.mobiliya.edvelop.test.EdvelopTests.testDisplayIntroScreensOnFirstLaunch" finished-at="2016-09-23T11:36:32Z">
          <params>
            <param index="0">
              <value is-null="true"/>
            </param>
            <param index="1">
              <value is-null="true"/>
            </param>
          </params>
          <exception class="org.openqa.selenium.NoSuchElementException">
            <message>
              <![CDATA[Can't locate an element by this strategy: By.xpath: //input[@id ='Email']
For documentation on this error, please visit: http://seleniumhq.org/exceptions/no_such_element.html
Build info: version: '2.53.1', revision: 'a36b8b1', time: '2016-06-30 17:37:03'
System info: host: 'Chetans-Mac.local', ip: '10.9.43.151', os.name: 'Mac OS X', os.arch: 'x86_64', os.version: '10.11.6', java.version: '1.8.0_102'
Driver info: driver.version: unknown]]>
            </message>
            <full-stacktrace>
              <![CDATA[org.openqa.selenium.NoSuchElementException: Can't locate an element by this strategy: By.xpath: //input[@id ='Email']
For documentation on this error, please visit: http://seleniumhq.org/exceptions/no_such_element.html
Build info: version: '2.53.1', revision: 'a36b8b1', time: '2016-06-30 17:37:03'
System info: host: 'Chetans-Mac.local', ip: '10.9.43.151', os.name: 'Mac OS X', os.arch: 'x86_64', os.version: '10.11.6', java.version: '1.8.0_102'
Driver info: driver.version: unknown
	at io.appium.java_client.pagefactory.AppiumElementLocator.findElement(AppiumElementLocator.java:110)
	at io.appium.java_client.pagefactory.interceptors.InterceptorOfASingleElement.intercept(InterceptorOfASingleElement.java:57)
	at io.appium.java_client.ios.IOSElement$$EnhancerByCGLIB$$baa3e0af.toString(<generated>)
	at java.lang.String.valueOf(String.java:2994)
	at java.lang.StringBuilder.append(StringBuilder.java:131)
	at org.openqa.selenium.support.ui.ExpectedConditions$10.toString(ExpectedConditions.java:293)
	at org.openqa.selenium.support.ui.FluentWait.until(FluentWait.java:257)
	at com.mobiliya.common.pageObjects.GoogleWebViewSignInPage.performGmailSignIn(GoogleWebViewSignInPage.java:54)
	at com.mobiliya.edvelop.test.EdvelopTests.testInvalidLoginWithGoogle(EdvelopTests.java:39)
	at sun.reflect.NativeMethodAccessorImpl.invoke0(Native Method)
	at sun.reflect.NativeMethodAccessorImpl.invoke(NativeMethodAccessorImpl.java:62)
	at sun.reflect.DelegatingMethodAccessorImpl.invoke(DelegatingMethodAccessorImpl.java:43)
	at java.lang.reflect.Method.invoke(Method.java:498)
	at org.testng.internal.MethodInvocationHelper.invokeMethod(MethodInvocationHelper.java:85)
	at org.testng.internal.Invoker.invokeMethod(Invoker.java:639)
	at org.testng.internal.Invoker.invokeTestMethod(Invoker.java:816)
	at org.testng.internal.Invoker.invokeTestMethods(Invoker.java:1124)
	at org.testng.internal.TestMethodWorker.invokeTestMethods(TestMethodWorker.java:125)
	at org.testng.internal.TestMethodWorker.run(TestMethodWorker.java:108)
	at org.testng.TestRunner.privateRun(TestRunner.java:774)
	at org.testng.TestRunner.run(TestRunner.java:624)
	at org.testng.SuiteRunner.runTest(SuiteRunner.java:359)
	at org.testng.SuiteRunner.runSequentially(SuiteRunner.java:354)
	at org.testng.SuiteRunner.privateRun(SuiteRunner.java:312)
	at org.testng.SuiteRunner.run(SuiteRunner.java:261)
	at org.testng.SuiteRunnerWorker.runSuite(SuiteRunnerWorker.java:52)
	at org.testng.SuiteRunnerWorker.run(SuiteRunnerWorker.java:86)
	at org.testng.TestNG.runSuitesSequentially(TestNG.java:1215)
	at org.testng.TestNG.runSuitesLocally(TestNG.java:1140)
	at org.testng.TestNG.run(TestNG.java:1048)
	at org.testng.remote.AbstractRemoteTestNG.run(AbstractRemoteTestNG.java:126)
	at org.testng.remote.RemoteTestNG.initAndRun(RemoteTestNG.java:152)
	at org.testng.remote.RemoteTestNG.main(RemoteTestNG.java:57)
]]>
            </full-stacktrace>
          </exception> <!-- org.openqa.selenium.NoSuchElementException -->
          <reporter-output>
          </reporter-output>
        </test-method> <!-- testInvalidLoginWithGoogle -->
        <test-method status="SKIP" signature="testValidLoginWithGoogle(java.lang.String, java.lang.String)[pri:0, instance:com.mobiliya.edvelop.test.EdvelopTests@1e127982]" name="testValidLoginWithGoogle" duration-ms="0" started-at="2016-09-23T11:36:46Z" data-provider="testDataValidLogin" depends-on-methods="com.mobiliya.edvelop.test.EdvelopTests.testInvalidLoginWithGoogle" finished-at="2016-09-23T11:36:46Z">
          <exception class="java.lang.Throwable">
            <message>
              <![CDATA[Method EdvelopTests.testValidLoginWithGoogle(java.lang.String, java.lang.String)[pri:0, instance:com.mobiliya.edvelop.test.EdvelopTests@1e127982] depends on not successfully finished methods]]>
            </message>
            <full-stacktrace>
              <![CDATA[java.lang.Throwable: Method EdvelopTests.testValidLoginWithGoogle(java.lang.String, java.lang.String)[pri:0, instance:com.mobiliya.edvelop.test.EdvelopTests@1e127982] depends on not successfully finished methods
	at org.testng.internal.Invoker.invokeTestMethods(Invoker.java:1033)
	at org.testng.internal.TestMethodWorker.invokeTestMethods(TestMethodWorker.java:125)
	at org.testng.internal.TestMethodWorker.run(TestMethodWorker.java:108)
	at org.testng.TestRunner.privateRun(TestRunner.java:774)
	at org.testng.TestRunner.run(TestRunner.java:624)
	at org.testng.SuiteRunner.runTest(SuiteRunner.java:359)
	at org.testng.SuiteRunner.runSequentially(SuiteRunner.java:354)
	at org.testng.SuiteRunner.privateRun(SuiteRunner.java:312)
	at org.testng.SuiteRunner.run(SuiteRunner.java:261)
	at org.testng.SuiteRunnerWorker.runSuite(SuiteRunnerWorker.java:52)
	at org.testng.SuiteRunnerWorker.run(SuiteRunnerWorker.java:86)
	at org.testng.TestNG.runSuitesSequentially(TestNG.java:1215)
	at org.testng.TestNG.runSuitesLocally(TestNG.java:1140)
	at org.testng.TestNG.run(TestNG.java:1048)
	at org.testng.remote.AbstractRemoteTestNG.run(AbstractRemoteTestNG.java:126)
	at org.testng.remote.RemoteTestNG.initAndRun(RemoteTestNG.java:152)
	at org.testng.remote.RemoteTestNG.main(RemoteTestNG.java:57)
]]>
            </full-stacktrace>
          </exception> <!-- java.lang.Throwable -->
          <reporter-output>
          </reporter-output>
        </test-method> <!-- testValidLoginWithGoogle -->
        <test-method status="SKIP" signature="testDisplayDashboard()[pri:0, instance:com.mobiliya.edvelop.test.EdvelopTests@1e127982]" name="testDisplayDashboard" duration-ms="0" started-at="2016-09-23T11:36:46Z" depends-on-methods="com.mobiliya.edvelop.test.EdvelopTests.testValidLoginWithGoogle" finished-at="2016-09-23T11:36:46Z">
          <exception class="java.lang.Throwable">
            <message>
              <![CDATA[Method EdvelopTests.testDisplayDashboard()[pri:0, instance:com.mobiliya.edvelop.test.EdvelopTests@1e127982] depends on not successfully finished methods]]>
            </message>
            <full-stacktrace>
              <![CDATA[java.lang.Throwable: Method EdvelopTests.testDisplayDashboard()[pri:0, instance:com.mobiliya.edvelop.test.EdvelopTests@1e127982] depends on not successfully finished methods
	at org.testng.internal.Invoker.invokeTestMethods(Invoker.java:1033)
	at org.testng.internal.TestMethodWorker.invokeTestMethods(TestMethodWorker.java:125)
	at org.testng.internal.TestMethodWorker.run(TestMethodWorker.java:108)
	at org.testng.TestRunner.privateRun(TestRunner.java:774)
	at org.testng.TestRunner.run(TestRunner.java:624)
	at org.testng.SuiteRunner.runTest(SuiteRunner.java:359)
	at org.testng.SuiteRunner.runSequentially(SuiteRunner.java:354)
	at org.testng.SuiteRunner.privateRun(SuiteRunner.java:312)
	at org.testng.SuiteRunner.run(SuiteRunner.java:261)
	at org.testng.SuiteRunnerWorker.runSuite(SuiteRunnerWorker.java:52)
	at org.testng.SuiteRunnerWorker.run(SuiteRunnerWorker.java:86)
	at org.testng.TestNG.runSuitesSequentially(TestNG.java:1215)
	at org.testng.TestNG.runSuitesLocally(TestNG.java:1140)
	at org.testng.TestNG.run(TestNG.java:1048)
	at org.testng.remote.AbstractRemoteTestNG.run(AbstractRemoteTestNG.java:126)
	at org.testng.remote.RemoteTestNG.initAndRun(RemoteTestNG.java:152)
	at org.testng.remote.RemoteTestNG.main(RemoteTestNG.java:57)
]]>
            </full-stacktrace>
          </exception> <!-- java.lang.Throwable -->
          <reporter-output>
          </reporter-output>
        </test-method> <!-- testDisplayDashboard -->
      </class> <!-- com.mobiliya.edvelop.test.EdvelopTests -->
    </test> <!-- Test -->
  </suite> <!-- Suite -->
</testng-results>
