<?xml version="1.0" encoding="UTF-8"?>
<!-- Generated by org.testng.reporters.JUnitReportReporter -->
<testsuite hostname="Chetans-Mac.local" name="com.mobiliya.edvelop.test.TestChildCount" tests="3" failures="0" timestamp="21 Sep 2016 09:19:29 GMT" time="0.018" errors="3">
  <testcase name="child1NameTest" time="0.009" classname="com.mobiliya.edvelop.test.TestChildCount">
    <error type="org.openqa.selenium.TimeoutException" message="Timed out after 120 seconds waiting for presence of element located by: By.xpath: //UIAApplication[1]/UIAWindow[1]/UIANavigationBar[1]/UIAButton[2]
Build info: version: &#039;2.53.1&#039;, revision: &#039;a36b8b1&#039;, time: &#039;2016-06-30 17:37:03&#039;
System info: host: &#039;Chetans-Mac.local&#039;, ip: &#039;10.9.43.151&#039;, os.name: &#039;Mac OS X&#039;, os.arch: &#039;x86_64&#039;, os.version: &#039;10.11.6&#039;, java.version: &#039;1.8.0_102&#039;
Driver info: io.appium.java_client.ios.IOSDriver
Capabilities [{app=/Users/chetan/eclipse_workspaces/Appium/MobiliyaAppiumFramework/Apps/EdvelopDock.ipa, networkConnectionEnabled=false, bundleId=net.agreeyamobility.Test-App, databaseEnabled=false, deviceName=Mayank&#039;s, fullReset=true, platform=MAC, showIOSLog=true, nativeInstrumentsLib=true, desired={app=/Users/chetan/eclipse_workspaces/Appium/MobiliyaAppiumFramework/Apps/EdvelopDock.ipa, showIOSLog=true, nativeInstrumentsLib=true, newCommandTimeout=15000, platformVersion=9.3, bundleId=net.agreeyamobility.Test-App, waitForAppScript=$.delay(5000); true;, platformName=iOS, udid=b9bad8c8321ce8e1e28ea5b99d14ca167b5672d4, deviceName=Mayank&#039;s, fullReset=true, autoAcceptAlerts=true}, newCommandTimeout=15000, platformVersion=9.3, webStorageEnabled=false, locationContextEnabled=false, browserName=, takesScreenshot=true, waitForAppScript=$.delay(5000); true;, javascriptEnabled=true, platformName=iOS, udid=b9bad8c8321ce8e1e28ea5b99d14ca167b5672d4, autoAcceptAlerts=true}]
Session ID: b5309432-276b-463d-a80d-dd24d46adc89">
      <![CDATA[org.openqa.selenium.TimeoutException: Timed out after 120 seconds waiting for presence of element located by: By.xpath: //UIAApplication[1]/UIAWindow[1]/UIANavigationBar[1]/UIAButton[2]
Build info: version: '2.53.1', revision: 'a36b8b1', time: '2016-06-30 17:37:03'
System info: host: 'Chetans-Mac.local', ip: '10.9.43.151', os.name: 'Mac OS X', os.arch: 'x86_64', os.version: '10.11.6', java.version: '1.8.0_102'
Driver info: io.appium.java_client.ios.IOSDriver
Capabilities [{app=/Users/chetan/eclipse_workspaces/Appium/MobiliyaAppiumFramework/Apps/EdvelopDock.ipa, networkConnectionEnabled=false, bundleId=net.agreeyamobility.Test-App, databaseEnabled=false, deviceName=Mayank's, fullReset=true, platform=MAC, showIOSLog=true, nativeInstrumentsLib=true, desired={app=/Users/chetan/eclipse_workspaces/Appium/MobiliyaAppiumFramework/Apps/EdvelopDock.ipa, showIOSLog=true, nativeInstrumentsLib=true, newCommandTimeout=15000, platformVersion=9.3, bundleId=net.agreeyamobility.Test-App, waitForAppScript=$.delay(5000); true;, platformName=iOS, udid=b9bad8c8321ce8e1e28ea5b99d14ca167b5672d4, deviceName=Mayank's, fullReset=true, autoAcceptAlerts=true}, newCommandTimeout=15000, platformVersion=9.3, webStorageEnabled=false, locationContextEnabled=false, browserName=, takesScreenshot=true, waitForAppScript=$.delay(5000); true;, javascriptEnabled=true, platformName=iOS, udid=b9bad8c8321ce8e1e28ea5b99d14ca167b5672d4, autoAcceptAlerts=true}]
Session ID: b5309432-276b-463d-a80d-dd24d46adc89
	at org.openqa.selenium.support.ui.WebDriverWait.timeoutException(WebDriverWait.java:80)
	at org.openqa.selenium.support.ui.FluentWait.until(FluentWait.java:261)
	at com.mobiliya.edvelop.test.TestChildCount.beforeTest(TestChildCount.java:23)
	at sun.reflect.NativeMethodAccessorImpl.invoke0(Native Method)
	at sun.reflect.NativeMethodAccessorImpl.invoke(NativeMethodAccessorImpl.java:62)
	at sun.reflect.DelegatingMethodAccessorImpl.invoke(DelegatingMethodAccessorImpl.java:43)
	at java.lang.reflect.Method.invoke(Method.java:498)
	at org.testng.internal.MethodInvocationHelper.invokeMethod(MethodInvocationHelper.java:85)
	at org.testng.internal.Invoker.invokeConfigurationMethod(Invoker.java:510)
	at org.testng.internal.Invoker.invokeConfigurations(Invoker.java:211)
	at org.testng.internal.Invoker.invokeConfigurations(Invoker.java:138)
	at org.testng.internal.TestMethodWorker.invokeBeforeClassMethods(TestMethodWorker.java:170)
	at org.testng.internal.TestMethodWorker.run(TestMethodWorker.java:104)
	at org.testng.TestRunner.privateRun(TestRunner.java:774)
	at org.testng.TestRunner.run(TestRunner.java:624)
	at org.testng.SuiteRunner.runTest(SuiteRunner.java:359)
	at org.testng.SuiteRunner.runSequentially(SuiteRunner.java:354)
	at org.testng.SuiteRunner.privateRun(SuiteRunner.java:312)
	at org.testng.SuiteRunner.run(SuiteRunner.java:261)
	at org.testng.SuiteRunnerWorker.runSuite(SuiteRunnerWorker.java:52)
	at org.testng.SuiteRunnerWorker.run(SuiteRunnerWorker.java:86)
	at org.testng.TestNG.runSuitesSequentially(TestNG.java:1215)
	at org.testng.TestNG.runSuitesLocally(TestNG.java:1140)
	at org.testng.TestNG.run(TestNG.java:1048)
	at org.testng.remote.AbstractRemoteTestNG.run(AbstractRemoteTestNG.java:126)
	at org.testng.remote.RemoteTestNG.initAndRun(RemoteTestNG.java:152)
	at org.testng.remote.RemoteTestNG.main(RemoteTestNG.java:57)
Caused by: org.openqa.selenium.NoSuchElementException: An element could not be located on the page using the given search parameters. (WARNING: The server did not provide any stacktrace information)
Command duration or timeout: 20.70 seconds
For documentation on this error, please visit: http://seleniumhq.org/exceptions/no_such_element.html
Build info: version: '2.53.1', revision: 'a36b8b1', time: '2016-06-30 17:37:03'
System info: host: 'Chetans-Mac.local', ip: '10.9.43.151', os.name: 'Mac OS X', os.arch: 'x86_64', os.version: '10.11.6', java.version: '1.8.0_102'
Driver info: io.appium.java_client.ios.IOSDriver
Capabilities [{app=/Users/chetan/eclipse_workspaces/Appium/MobiliyaAppiumFramework/Apps/EdvelopDock.ipa, networkConnectionEnabled=false, bundleId=net.agreeyamobility.Test-App, databaseEnabled=false, deviceName=Mayank's, fullReset=true, platform=MAC, showIOSLog=true, nativeInstrumentsLib=true, desired={app=/Users/chetan/eclipse_workspaces/Appium/MobiliyaAppiumFramework/Apps/EdvelopDock.ipa, showIOSLog=true, nativeInstrumentsLib=true, newCommandTimeout=15000, platformVersion=9.3, bundleId=net.agreeyamobility.Test-App, waitForAppScript=$.delay(5000); true;, platformName=iOS, udid=b9bad8c8321ce8e1e28ea5b99d14ca167b5672d4, deviceName=Mayank's, fullReset=true, autoAcceptAlerts=true}, newCommandTimeout=15000, platformVersion=9.3, webStorageEnabled=false, locationContextEnabled=false, browserName=, takesScreenshot=true, waitForAppScript=$.delay(5000); true;, javascriptEnabled=true, platformName=iOS, udid=b9bad8c8321ce8e1e28ea5b99d14ca167b5672d4, autoAcceptAlerts=true}]
Session ID: b5309432-276b-463d-a80d-dd24d46adc89
*** Element info: {Using=xpath, value=//UIAApplication[1]/UIAWindow[1]/UIANavigationBar[1]/UIAButton[2]}
	at sun.reflect.NativeConstructorAccessorImpl.newInstance0(Native Method)
	at sun.reflect.NativeConstructorAccessorImpl.newInstance(NativeConstructorAccessorImpl.java:62)
	at sun.reflect.DelegatingConstructorAccessorImpl.newInstance(DelegatingConstructorAccessorImpl.java:45)
	at java.lang.reflect.Constructor.newInstance(Constructor.java:423)
	at org.openqa.selenium.remote.ErrorHandler.createThrowable(ErrorHandler.java:206)
	at org.openqa.selenium.remote.ErrorHandler.throwIfResponseFailed(ErrorHandler.java:158)
	at org.openqa.selenium.remote.RemoteWebDriver.execute(RemoteWebDriver.java:678)
	at io.appium.java_client.DefaultGenericMobileDriver.execute(DefaultGenericMobileDriver.java:51)
	at io.appium.java_client.AppiumDriver.execute(AppiumDriver.java:1)
	at io.appium.java_client.ios.IOSDriver.execute(IOSDriver.java:1)
	at org.openqa.selenium.remote.RemoteWebDriver.findElement(RemoteWebDriver.java:363)
	at io.appium.java_client.DefaultGenericMobileDriver.findElement(DefaultGenericMobileDriver.java:67)
	at io.appium.java_client.AppiumDriver.findElement(AppiumDriver.java:1)
	at io.appium.java_client.ios.IOSDriver.findElement(IOSDriver.java:1)
	at org.openqa.selenium.remote.RemoteWebDriver.findElementByXPath(RemoteWebDriver.java:500)
	at io.appium.java_client.DefaultGenericMobileDriver.findElementByXPath(DefaultGenericMobileDriver.java:145)
	at io.appium.java_client.AppiumDriver.findElementByXPath(AppiumDriver.java:1)
	at io.appium.java_client.ios.IOSDriver.findElementByXPath(IOSDriver.java:1)
	at org.openqa.selenium.By$ByXPath.findElement(By.java:361)
	at org.openqa.selenium.remote.RemoteWebDriver.findElement(RemoteWebDriver.java:355)
	at io.appium.java_client.DefaultGenericMobileDriver.findElement(DefaultGenericMobileDriver.java:63)
	at io.appium.java_client.AppiumDriver.findElement(AppiumDriver.java:1)
	at io.appium.java_client.ios.IOSDriver.findElement(IOSDriver.java:1)
	at org.openqa.selenium.support.ui.ExpectedConditions.findElement(ExpectedConditions.java:899)
	at org.openqa.selenium.support.ui.ExpectedConditions.access$0(ExpectedConditions.java:897)
	at org.openqa.selenium.support.ui.ExpectedConditions$6.apply(ExpectedConditions.java:181)
	at org.openqa.selenium.support.ui.ExpectedConditions$6.apply(ExpectedConditions.java:1)
	at org.openqa.selenium.support.ui.FluentWait.until(FluentWait.java:238)
	... 25 more
]]>
    </error>
  </testcase> <!-- child1NameTest -->
  <testcase name="childCountTest" time="0.004" classname="com.mobiliya.edvelop.test.TestChildCount">
    <error type="org.openqa.selenium.TimeoutException" message="Timed out after 120 seconds waiting for presence of element located by: By.xpath: //UIAApplication[1]/UIAWindow[1]/UIANavigationBar[1]/UIAButton[2]
Build info: version: &#039;2.53.1&#039;, revision: &#039;a36b8b1&#039;, time: &#039;2016-06-30 17:37:03&#039;
System info: host: &#039;Chetans-Mac.local&#039;, ip: &#039;10.9.43.151&#039;, os.name: &#039;Mac OS X&#039;, os.arch: &#039;x86_64&#039;, os.version: &#039;10.11.6&#039;, java.version: &#039;1.8.0_102&#039;
Driver info: io.appium.java_client.ios.IOSDriver
Capabilities [{app=/Users/chetan/eclipse_workspaces/Appium/MobiliyaAppiumFramework/Apps/EdvelopDock.ipa, networkConnectionEnabled=false, bundleId=net.agreeyamobility.Test-App, databaseEnabled=false, deviceName=Mayank&#039;s, fullReset=true, platform=MAC, showIOSLog=true, nativeInstrumentsLib=true, desired={app=/Users/chetan/eclipse_workspaces/Appium/MobiliyaAppiumFramework/Apps/EdvelopDock.ipa, showIOSLog=true, nativeInstrumentsLib=true, newCommandTimeout=15000, platformVersion=9.3, bundleId=net.agreeyamobility.Test-App, waitForAppScript=$.delay(5000); true;, platformName=iOS, udid=b9bad8c8321ce8e1e28ea5b99d14ca167b5672d4, deviceName=Mayank&#039;s, fullReset=true, autoAcceptAlerts=true}, newCommandTimeout=15000, platformVersion=9.3, webStorageEnabled=false, locationContextEnabled=false, browserName=, takesScreenshot=true, waitForAppScript=$.delay(5000); true;, javascriptEnabled=true, platformName=iOS, udid=b9bad8c8321ce8e1e28ea5b99d14ca167b5672d4, autoAcceptAlerts=true}]
Session ID: b5309432-276b-463d-a80d-dd24d46adc89">
      <![CDATA[org.openqa.selenium.TimeoutException: Timed out after 120 seconds waiting for presence of element located by: By.xpath: //UIAApplication[1]/UIAWindow[1]/UIANavigationBar[1]/UIAButton[2]
Build info: version: '2.53.1', revision: 'a36b8b1', time: '2016-06-30 17:37:03'
System info: host: 'Chetans-Mac.local', ip: '10.9.43.151', os.name: 'Mac OS X', os.arch: 'x86_64', os.version: '10.11.6', java.version: '1.8.0_102'
Driver info: io.appium.java_client.ios.IOSDriver
Capabilities [{app=/Users/chetan/eclipse_workspaces/Appium/MobiliyaAppiumFramework/Apps/EdvelopDock.ipa, networkConnectionEnabled=false, bundleId=net.agreeyamobility.Test-App, databaseEnabled=false, deviceName=Mayank's, fullReset=true, platform=MAC, showIOSLog=true, nativeInstrumentsLib=true, desired={app=/Users/chetan/eclipse_workspaces/Appium/MobiliyaAppiumFramework/Apps/EdvelopDock.ipa, showIOSLog=true, nativeInstrumentsLib=true, newCommandTimeout=15000, platformVersion=9.3, bundleId=net.agreeyamobility.Test-App, waitForAppScript=$.delay(5000); true;, platformName=iOS, udid=b9bad8c8321ce8e1e28ea5b99d14ca167b5672d4, deviceName=Mayank's, fullReset=true, autoAcceptAlerts=true}, newCommandTimeout=15000, platformVersion=9.3, webStorageEnabled=false, locationContextEnabled=false, browserName=, takesScreenshot=true, waitForAppScript=$.delay(5000); true;, javascriptEnabled=true, platformName=iOS, udid=b9bad8c8321ce8e1e28ea5b99d14ca167b5672d4, autoAcceptAlerts=true}]
Session ID: b5309432-276b-463d-a80d-dd24d46adc89
	at org.openqa.selenium.support.ui.WebDriverWait.timeoutException(WebDriverWait.java:80)
	at org.openqa.selenium.support.ui.FluentWait.until(FluentWait.java:261)
	at com.mobiliya.edvelop.test.TestChildCount.beforeTest(TestChildCount.java:23)
	at sun.reflect.NativeMethodAccessorImpl.invoke0(Native Method)
	at sun.reflect.NativeMethodAccessorImpl.invoke(NativeMethodAccessorImpl.java:62)
	at sun.reflect.DelegatingMethodAccessorImpl.invoke(DelegatingMethodAccessorImpl.java:43)
	at java.lang.reflect.Method.invoke(Method.java:498)
	at org.testng.internal.MethodInvocationHelper.invokeMethod(MethodInvocationHelper.java:85)
	at org.testng.internal.Invoker.invokeConfigurationMethod(Invoker.java:510)
	at org.testng.internal.Invoker.invokeConfigurations(Invoker.java:211)
	at org.testng.internal.Invoker.invokeConfigurations(Invoker.java:138)
	at org.testng.internal.TestMethodWorker.invokeBeforeClassMethods(TestMethodWorker.java:170)
	at org.testng.internal.TestMethodWorker.run(TestMethodWorker.java:104)
	at org.testng.TestRunner.privateRun(TestRunner.java:774)
	at org.testng.TestRunner.run(TestRunner.java:624)
	at org.testng.SuiteRunner.runTest(SuiteRunner.java:359)
	at org.testng.SuiteRunner.runSequentially(SuiteRunner.java:354)
	at org.testng.SuiteRunner.privateRun(SuiteRunner.java:312)
	at org.testng.SuiteRunner.run(SuiteRunner.java:261)
	at org.testng.SuiteRunnerWorker.runSuite(SuiteRunnerWorker.java:52)
	at org.testng.SuiteRunnerWorker.run(SuiteRunnerWorker.java:86)
	at org.testng.TestNG.runSuitesSequentially(TestNG.java:1215)
	at org.testng.TestNG.runSuitesLocally(TestNG.java:1140)
	at org.testng.TestNG.run(TestNG.java:1048)
	at org.testng.remote.AbstractRemoteTestNG.run(AbstractRemoteTestNG.java:126)
	at org.testng.remote.RemoteTestNG.initAndRun(RemoteTestNG.java:152)
	at org.testng.remote.RemoteTestNG.main(RemoteTestNG.java:57)
Caused by: org.openqa.selenium.NoSuchElementException: An element could not be located on the page using the given search parameters. (WARNING: The server did not provide any stacktrace information)
Command duration or timeout: 20.70 seconds
For documentation on this error, please visit: http://seleniumhq.org/exceptions/no_such_element.html
Build info: version: '2.53.1', revision: 'a36b8b1', time: '2016-06-30 17:37:03'
System info: host: 'Chetans-Mac.local', ip: '10.9.43.151', os.name: 'Mac OS X', os.arch: 'x86_64', os.version: '10.11.6', java.version: '1.8.0_102'
Driver info: io.appium.java_client.ios.IOSDriver
Capabilities [{app=/Users/chetan/eclipse_workspaces/Appium/MobiliyaAppiumFramework/Apps/EdvelopDock.ipa, networkConnectionEnabled=false, bundleId=net.agreeyamobility.Test-App, databaseEnabled=false, deviceName=Mayank's, fullReset=true, platform=MAC, showIOSLog=true, nativeInstrumentsLib=true, desired={app=/Users/chetan/eclipse_workspaces/Appium/MobiliyaAppiumFramework/Apps/EdvelopDock.ipa, showIOSLog=true, nativeInstrumentsLib=true, newCommandTimeout=15000, platformVersion=9.3, bundleId=net.agreeyamobility.Test-App, waitForAppScript=$.delay(5000); true;, platformName=iOS, udid=b9bad8c8321ce8e1e28ea5b99d14ca167b5672d4, deviceName=Mayank's, fullReset=true, autoAcceptAlerts=true}, newCommandTimeout=15000, platformVersion=9.3, webStorageEnabled=false, locationContextEnabled=false, browserName=, takesScreenshot=true, waitForAppScript=$.delay(5000); true;, javascriptEnabled=true, platformName=iOS, udid=b9bad8c8321ce8e1e28ea5b99d14ca167b5672d4, autoAcceptAlerts=true}]
Session ID: b5309432-276b-463d-a80d-dd24d46adc89
*** Element info: {Using=xpath, value=//UIAApplication[1]/UIAWindow[1]/UIANavigationBar[1]/UIAButton[2]}
	at sun.reflect.NativeConstructorAccessorImpl.newInstance0(Native Method)
	at sun.reflect.NativeConstructorAccessorImpl.newInstance(NativeConstructorAccessorImpl.java:62)
	at sun.reflect.DelegatingConstructorAccessorImpl.newInstance(DelegatingConstructorAccessorImpl.java:45)
	at java.lang.reflect.Constructor.newInstance(Constructor.java:423)
	at org.openqa.selenium.remote.ErrorHandler.createThrowable(ErrorHandler.java:206)
	at org.openqa.selenium.remote.ErrorHandler.throwIfResponseFailed(ErrorHandler.java:158)
	at org.openqa.selenium.remote.RemoteWebDriver.execute(RemoteWebDriver.java:678)
	at io.appium.java_client.DefaultGenericMobileDriver.execute(DefaultGenericMobileDriver.java:51)
	at io.appium.java_client.AppiumDriver.execute(AppiumDriver.java:1)
	at io.appium.java_client.ios.IOSDriver.execute(IOSDriver.java:1)
	at org.openqa.selenium.remote.RemoteWebDriver.findElement(RemoteWebDriver.java:363)
	at io.appium.java_client.DefaultGenericMobileDriver.findElement(DefaultGenericMobileDriver.java:67)
	at io.appium.java_client.AppiumDriver.findElement(AppiumDriver.java:1)
	at io.appium.java_client.ios.IOSDriver.findElement(IOSDriver.java:1)
	at org.openqa.selenium.remote.RemoteWebDriver.findElementByXPath(RemoteWebDriver.java:500)
	at io.appium.java_client.DefaultGenericMobileDriver.findElementByXPath(DefaultGenericMobileDriver.java:145)
	at io.appium.java_client.AppiumDriver.findElementByXPath(AppiumDriver.java:1)
	at io.appium.java_client.ios.IOSDriver.findElementByXPath(IOSDriver.java:1)
	at org.openqa.selenium.By$ByXPath.findElement(By.java:361)
	at org.openqa.selenium.remote.RemoteWebDriver.findElement(RemoteWebDriver.java:355)
	at io.appium.java_client.DefaultGenericMobileDriver.findElement(DefaultGenericMobileDriver.java:63)
	at io.appium.java_client.AppiumDriver.findElement(AppiumDriver.java:1)
	at io.appium.java_client.ios.IOSDriver.findElement(IOSDriver.java:1)
	at org.openqa.selenium.support.ui.ExpectedConditions.findElement(ExpectedConditions.java:899)
	at org.openqa.selenium.support.ui.ExpectedConditions.access$0(ExpectedConditions.java:897)
	at org.openqa.selenium.support.ui.ExpectedConditions$6.apply(ExpectedConditions.java:181)
	at org.openqa.selenium.support.ui.ExpectedConditions$6.apply(ExpectedConditions.java:1)
	at org.openqa.selenium.support.ui.FluentWait.until(FluentWait.java:238)
	... 25 more
]]>
    </error>
  </testcase> <!-- childCountTest -->
  <testcase name="child1Crousetest" time="0.005" classname="com.mobiliya.edvelop.test.TestChildCount">
    <error type="org.openqa.selenium.TimeoutException" message="Timed out after 120 seconds waiting for presence of element located by: By.xpath: //UIAApplication[1]/UIAWindow[1]/UIANavigationBar[1]/UIAButton[2]
Build info: version: &#039;2.53.1&#039;, revision: &#039;a36b8b1&#039;, time: &#039;2016-06-30 17:37:03&#039;
System info: host: &#039;Chetans-Mac.local&#039;, ip: &#039;10.9.43.151&#039;, os.name: &#039;Mac OS X&#039;, os.arch: &#039;x86_64&#039;, os.version: &#039;10.11.6&#039;, java.version: &#039;1.8.0_102&#039;
Driver info: io.appium.java_client.ios.IOSDriver
Capabilities [{app=/Users/chetan/eclipse_workspaces/Appium/MobiliyaAppiumFramework/Apps/EdvelopDock.ipa, networkConnectionEnabled=false, bundleId=net.agreeyamobility.Test-App, databaseEnabled=false, deviceName=Mayank&#039;s, fullReset=true, platform=MAC, showIOSLog=true, nativeInstrumentsLib=true, desired={app=/Users/chetan/eclipse_workspaces/Appium/MobiliyaAppiumFramework/Apps/EdvelopDock.ipa, showIOSLog=true, nativeInstrumentsLib=true, newCommandTimeout=15000, platformVersion=9.3, bundleId=net.agreeyamobility.Test-App, waitForAppScript=$.delay(5000); true;, platformName=iOS, udid=b9bad8c8321ce8e1e28ea5b99d14ca167b5672d4, deviceName=Mayank&#039;s, fullReset=true, autoAcceptAlerts=true}, newCommandTimeout=15000, platformVersion=9.3, webStorageEnabled=false, locationContextEnabled=false, browserName=, takesScreenshot=true, waitForAppScript=$.delay(5000); true;, javascriptEnabled=true, platformName=iOS, udid=b9bad8c8321ce8e1e28ea5b99d14ca167b5672d4, autoAcceptAlerts=true}]
Session ID: b5309432-276b-463d-a80d-dd24d46adc89">
      <![CDATA[org.openqa.selenium.TimeoutException: Timed out after 120 seconds waiting for presence of element located by: By.xpath: //UIAApplication[1]/UIAWindow[1]/UIANavigationBar[1]/UIAButton[2]
Build info: version: '2.53.1', revision: 'a36b8b1', time: '2016-06-30 17:37:03'
System info: host: 'Chetans-Mac.local', ip: '10.9.43.151', os.name: 'Mac OS X', os.arch: 'x86_64', os.version: '10.11.6', java.version: '1.8.0_102'
Driver info: io.appium.java_client.ios.IOSDriver
Capabilities [{app=/Users/chetan/eclipse_workspaces/Appium/MobiliyaAppiumFramework/Apps/EdvelopDock.ipa, networkConnectionEnabled=false, bundleId=net.agreeyamobility.Test-App, databaseEnabled=false, deviceName=Mayank's, fullReset=true, platform=MAC, showIOSLog=true, nativeInstrumentsLib=true, desired={app=/Users/chetan/eclipse_workspaces/Appium/MobiliyaAppiumFramework/Apps/EdvelopDock.ipa, showIOSLog=true, nativeInstrumentsLib=true, newCommandTimeout=15000, platformVersion=9.3, bundleId=net.agreeyamobility.Test-App, waitForAppScript=$.delay(5000); true;, platformName=iOS, udid=b9bad8c8321ce8e1e28ea5b99d14ca167b5672d4, deviceName=Mayank's, fullReset=true, autoAcceptAlerts=true}, newCommandTimeout=15000, platformVersion=9.3, webStorageEnabled=false, locationContextEnabled=false, browserName=, takesScreenshot=true, waitForAppScript=$.delay(5000); true;, javascriptEnabled=true, platformName=iOS, udid=b9bad8c8321ce8e1e28ea5b99d14ca167b5672d4, autoAcceptAlerts=true}]
Session ID: b5309432-276b-463d-a80d-dd24d46adc89
	at org.openqa.selenium.support.ui.WebDriverWait.timeoutException(WebDriverWait.java:80)
	at org.openqa.selenium.support.ui.FluentWait.until(FluentWait.java:261)
	at com.mobiliya.edvelop.test.TestChildCount.beforeTest(TestChildCount.java:23)
	at sun.reflect.NativeMethodAccessorImpl.invoke0(Native Method)
	at sun.reflect.NativeMethodAccessorImpl.invoke(NativeMethodAccessorImpl.java:62)
	at sun.reflect.DelegatingMethodAccessorImpl.invoke(DelegatingMethodAccessorImpl.java:43)
	at java.lang.reflect.Method.invoke(Method.java:498)
	at org.testng.internal.MethodInvocationHelper.invokeMethod(MethodInvocationHelper.java:85)
	at org.testng.internal.Invoker.invokeConfigurationMethod(Invoker.java:510)
	at org.testng.internal.Invoker.invokeConfigurations(Invoker.java:211)
	at org.testng.internal.Invoker.invokeConfigurations(Invoker.java:138)
	at org.testng.internal.TestMethodWorker.invokeBeforeClassMethods(TestMethodWorker.java:170)
	at org.testng.internal.TestMethodWorker.run(TestMethodWorker.java:104)
	at org.testng.TestRunner.privateRun(TestRunner.java:774)
	at org.testng.TestRunner.run(TestRunner.java:624)
	at org.testng.SuiteRunner.runTest(SuiteRunner.java:359)
	at org.testng.SuiteRunner.runSequentially(SuiteRunner.java:354)
	at org.testng.SuiteRunner.privateRun(SuiteRunner.java:312)
	at org.testng.SuiteRunner.run(SuiteRunner.java:261)
	at org.testng.SuiteRunnerWorker.runSuite(SuiteRunnerWorker.java:52)
	at org.testng.SuiteRunnerWorker.run(SuiteRunnerWorker.java:86)
	at org.testng.TestNG.runSuitesSequentially(TestNG.java:1215)
	at org.testng.TestNG.runSuitesLocally(TestNG.java:1140)
	at org.testng.TestNG.run(TestNG.java:1048)
	at org.testng.remote.AbstractRemoteTestNG.run(AbstractRemoteTestNG.java:126)
	at org.testng.remote.RemoteTestNG.initAndRun(RemoteTestNG.java:152)
	at org.testng.remote.RemoteTestNG.main(RemoteTestNG.java:57)
Caused by: org.openqa.selenium.NoSuchElementException: An element could not be located on the page using the given search parameters. (WARNING: The server did not provide any stacktrace information)
Command duration or timeout: 20.70 seconds
For documentation on this error, please visit: http://seleniumhq.org/exceptions/no_such_element.html
Build info: version: '2.53.1', revision: 'a36b8b1', time: '2016-06-30 17:37:03'
System info: host: 'Chetans-Mac.local', ip: '10.9.43.151', os.name: 'Mac OS X', os.arch: 'x86_64', os.version: '10.11.6', java.version: '1.8.0_102'
Driver info: io.appium.java_client.ios.IOSDriver
Capabilities [{app=/Users/chetan/eclipse_workspaces/Appium/MobiliyaAppiumFramework/Apps/EdvelopDock.ipa, networkConnectionEnabled=false, bundleId=net.agreeyamobility.Test-App, databaseEnabled=false, deviceName=Mayank's, fullReset=true, platform=MAC, showIOSLog=true, nativeInstrumentsLib=true, desired={app=/Users/chetan/eclipse_workspaces/Appium/MobiliyaAppiumFramework/Apps/EdvelopDock.ipa, showIOSLog=true, nativeInstrumentsLib=true, newCommandTimeout=15000, platformVersion=9.3, bundleId=net.agreeyamobility.Test-App, waitForAppScript=$.delay(5000); true;, platformName=iOS, udid=b9bad8c8321ce8e1e28ea5b99d14ca167b5672d4, deviceName=Mayank's, fullReset=true, autoAcceptAlerts=true}, newCommandTimeout=15000, platformVersion=9.3, webStorageEnabled=false, locationContextEnabled=false, browserName=, takesScreenshot=true, waitForAppScript=$.delay(5000); true;, javascriptEnabled=true, platformName=iOS, udid=b9bad8c8321ce8e1e28ea5b99d14ca167b5672d4, autoAcceptAlerts=true}]
Session ID: b5309432-276b-463d-a80d-dd24d46adc89
*** Element info: {Using=xpath, value=//UIAApplication[1]/UIAWindow[1]/UIANavigationBar[1]/UIAButton[2]}
	at sun.reflect.NativeConstructorAccessorImpl.newInstance0(Native Method)
	at sun.reflect.NativeConstructorAccessorImpl.newInstance(NativeConstructorAccessorImpl.java:62)
	at sun.reflect.DelegatingConstructorAccessorImpl.newInstance(DelegatingConstructorAccessorImpl.java:45)
	at java.lang.reflect.Constructor.newInstance(Constructor.java:423)
	at org.openqa.selenium.remote.ErrorHandler.createThrowable(ErrorHandler.java:206)
	at org.openqa.selenium.remote.ErrorHandler.throwIfResponseFailed(ErrorHandler.java:158)
	at org.openqa.selenium.remote.RemoteWebDriver.execute(RemoteWebDriver.java:678)
	at io.appium.java_client.DefaultGenericMobileDriver.execute(DefaultGenericMobileDriver.java:51)
	at io.appium.java_client.AppiumDriver.execute(AppiumDriver.java:1)
	at io.appium.java_client.ios.IOSDriver.execute(IOSDriver.java:1)
	at org.openqa.selenium.remote.RemoteWebDriver.findElement(RemoteWebDriver.java:363)
	at io.appium.java_client.DefaultGenericMobileDriver.findElement(DefaultGenericMobileDriver.java:67)
	at io.appium.java_client.AppiumDriver.findElement(AppiumDriver.java:1)
	at io.appium.java_client.ios.IOSDriver.findElement(IOSDriver.java:1)
	at org.openqa.selenium.remote.RemoteWebDriver.findElementByXPath(RemoteWebDriver.java:500)
	at io.appium.java_client.DefaultGenericMobileDriver.findElementByXPath(DefaultGenericMobileDriver.java:145)
	at io.appium.java_client.AppiumDriver.findElementByXPath(AppiumDriver.java:1)
	at io.appium.java_client.ios.IOSDriver.findElementByXPath(IOSDriver.java:1)
	at org.openqa.selenium.By$ByXPath.findElement(By.java:361)
	at org.openqa.selenium.remote.RemoteWebDriver.findElement(RemoteWebDriver.java:355)
	at io.appium.java_client.DefaultGenericMobileDriver.findElement(DefaultGenericMobileDriver.java:63)
	at io.appium.java_client.AppiumDriver.findElement(AppiumDriver.java:1)
	at io.appium.java_client.ios.IOSDriver.findElement(IOSDriver.java:1)
	at org.openqa.selenium.support.ui.ExpectedConditions.findElement(ExpectedConditions.java:899)
	at org.openqa.selenium.support.ui.ExpectedConditions.access$0(ExpectedConditions.java:897)
	at org.openqa.selenium.support.ui.ExpectedConditions$6.apply(ExpectedConditions.java:181)
	at org.openqa.selenium.support.ui.ExpectedConditions$6.apply(ExpectedConditions.java:1)
	at org.openqa.selenium.support.ui.FluentWait.until(FluentWait.java:238)
	... 25 more
]]>
    </error>
  </testcase> <!-- child1Crousetest -->
</testsuite> <!-- com.mobiliya.edvelop.test.TestChildCount -->
